chr1	11586677	.	T	C	70605.96	.	AC=4;AF=0.667;AN=6;BaseQRankSum=0.949;DP=4488;ExcessHet=0.0000;FS=1.658;MLEAC=4;MLEAF=0.667;MQ=60.00;MQRankSum=0.00;QD=25.70;ReadPosRankSum=1.86;SOR=0.537	GT:AD:DP:GQ:PL	0/0:1652,0:1652:99:0,120,1800	1/1:3,1464:1467:99:40471,4334,0	1/1:88,1192:1283:99:30154,1552,0
Fetal fraction is 0.1375 

chr1	17405809	.	G	A	79120.96	.	AC=4;AF=0.667;AN=6;BaseQRankSum=-8.600e-02;DP=4548;ExcessHet=0.0000;FS=0.000;MLEAC=4;MLEAF=0.667;MQ=60.00;MQRankSum=0.00;QD=25.64;ReadPosRankSum=2.79;SOR=0.657	GT:AD:DP:GQ:PL	0/0:1396,0:1396:99:0,120,1800	1/1:3,1349:1352:99:36057,3931,0	1/1:95,1639:1739:99:43083,2512,0
Fetal fraction is 0.109573 

chr1	17409017	.	G	A	31366.14	.	AC=2;AF=0.333;AN=6;BaseQRankSum=-3.441e+00;DP=5288;ExcessHet=0.0000;FS=0.000;MLEAC=2;MLEAF=0.333;MQ=60.00;MQRankSum=0.00;QD=26.51;ReadPosRankSum=2.38;SOR=0.109	GT:AD:DP:GQ:PL	1/1:2,1181:1183:99:31383,3440,0	0/0:1629,0:1629:99:0,120,1800	0/0:2443,0:2443:99:0,120,1800
Fetal fraction is 0 

chr1	17413121	.	A	C	15859.55	.	AC=2;AF=0.333;AN=6;BaseQRankSum=0.328;DP=4566;ExcessHet=0.0000;FS=0.000;MLEAC=2;MLEAF=0.333;MQ=60.00;MQRankSum=0.00;QD=27.63;ReadPosRankSum=1.52;SOR=0.190	GT:AD:DP:GQ:PL	1/1:2,572:574:99:15874,1671,0	0/0:1788,0:1788:99:0,120,1800	0/0:2175,0:2175:0:0,0,48432
Fetal fraction is 0 

chr1	21940555	.	C	T	75268.96	.	AC=4;AF=0.667;AN=6;BaseQRankSum=0.253;DP=4660;ExcessHet=0.0000;FS=0.000;MLEAC=4;MLEAF=0.667;MQ=60.00;MQRankSum=0.00;QD=25.59;ReadPosRankSum=2.86;SOR=0.707	GT:AD:DP:GQ:PL	0/0:1611,0:1611:99:0,120,1800	1/1:3,1301:1304:99:35088,3782,0	1/1:117,1520:1637:99:40200,1570,0
Fetal fraction is 0.142944 

chr1	43124859	.	C	T	50029.96	.	AC=4;AF=0.667;AN=6;BaseQRankSum=2.15;DP=3084;ExcessHet=0.0000;FS=0.000;MLEAC=4;MLEAF=0.667;MQ=60.00;MQRankSum=0.00;QD=26.65;ReadPosRankSum=0.503;SOR=0.563	GT:AD:DP:GQ:PL	0/0:1145,0:1145:99:0,120,1800	1/1:2,958:960:99:25577,2827,0	1/1:57,860:917:99:24472,1160,0
Fetal fraction is 0.124318 

chr1	43213499	.	C	T	64798.96	.	AC=4;AF=0.667;AN=6;BaseQRankSum=1.46;DP=4156;ExcessHet=0.0000;FS=0.000;MLEAC=4;MLEAF=0.667;MQ=60.00;MQRankSum=0.00;QD=24.63;ReadPosRankSum=1.63;SOR=0.793	GT:AD:DP:GQ:PL	0/0:1455,0:1455:99:0,120,1800	1/1:1,660:661:99:18766,1958,0	1/1:162,1808:1975:99:46052,1511,0
Fetal fraction is 0.164467 

chr1	43296118	.	G	A	71362.96	.	AC=4;AF=0.667;AN=6;BaseQRankSum=2.13;DP=4083;ExcessHet=0.0000;FS=0.000;MLEAC=4;MLEAF=0.667;MQ=60.00;MQRankSum=0.00;QD=24.27;ReadPosRankSum=1.74;SOR=0.674	GT:AD:DP:GQ:PL	0/0:1090,0:1090:99:0,120,1800	1/1:3,1074:1077:99:29207,3170,0	1/1:167,1696:1863:99:42175,1188,0
Fetal fraction is 0.179281 

chr1	84864256	.	G	C	25256.55	.	AC=2;AF=0.333;AN=6;DP=4152;ExcessHet=0.0000;FS=0.000;MLEAC=2;MLEAF=0.333;MQ=60.00;MQRankSum=0.00;QD=26.73;SOR=0.305	GT:AD:DP:GQ:PL	1/1:1,944:945:99:25271,2819,0	0/0:1294,0:1294:99:0,120,1800	0/0:1882,0:1882:0:0,0,43651
Fetal fraction is 0 

chr1	86621992	.	C	A	38265.14	.	AC=2;AF=0.333;AN=6;BaseQRankSum=2.85;DP=4893;ExcessHet=0.0000;FS=0.000;MLEAC=2;MLEAF=0.333;MQ=60.00;MQRankSum=0.00;QD=25.36;ReadPosRankSum=-7.140e-01;SOR=0.238	GT:AD:DP:GQ:PL	1/1:1,1061:1062:99:38282,3178,0	0/0:1474,0:1474:99:0,120,1800	0/0:2335,0:2335:99:0,120,1800
Fetal fraction is 0 

chr1	111060669	.	T	C	84265.96	.	AC=4;AF=0.667;AN=6;BaseQRankSum=0.173;DP=5074;ExcessHet=0.0000;FS=0.000;MLEAC=4;MLEAF=0.667;MQ=60.00;MQRankSum=0.00;QD=25.84;ReadPosRankSum=-1.815e+00;SOR=0.663	GT:AD:DP:GQ:PL	0/0:1723,0:1723:99:0,120,1800	1/1:0,1449:1449:99:39898,4342,0	1/1:138,1674:1812:99:44387,1501,0
Fetal fraction is 0.152318 

chr1	150999737	.	A	G	72883.96	.	AC=4;AF=0.667;AN=6;BaseQRankSum=1.03;DP=4360;ExcessHet=0.0000;FS=0.000;MLEAC=4;MLEAF=0.667;MQ=60.00;MQRankSum=0.00;QD=25.52;ReadPosRankSum=0.615;SOR=0.655	GT:AD:DP:GQ:PL	0/0:1434,0:1434:99:0,120,1800	1/1:6,1283:1289:99:35013,3714,0	1/1:107,1460:1571:99:37890,1679,0
Fetal fraction is 0.136567 

chr1	159283494	.	T	C	20092.14	.	AC=2;AF=0.333;AN=6;DP=3859;ExcessHet=0.0000;FS=0.000;MLEAC=2;MLEAF=0.333;MQ=60.00;QD=27.45;SOR=0.772	GT:AD:DP:GQ:PL	1/1:0,732:734:99:20109,2193,0	0/0:1169,0:1169:99:0,120,1800	0/0:1939,0:1939:99:0,120,1800
Fetal fraction is 0 

chr1	165377552	.	G	A	11312.55	.	AC=2;AF=0.333;AN=6;BaseQRankSum=0.477;DP=3946;ExcessHet=0.0000;FS=0.000;MLEAC=2;MLEAF=0.333;MQ=60.00;MQRankSum=0.00;QD=27.73;ReadPosRankSum=1.52;SOR=0.144	GT:AD:DP:GQ:PL	1/1:2,406:408:99:11327,1174,0	0/0:1351,0:1351:99:0,120,1800	0/0:2160,0:2160:0:0,0,49301
Fetal fraction is 0 

chr1	168200733	.	T	C	35933.95	.	AC=3;AF=0.500;AN=6;BaseQRankSum=0.685;DP=2381;ExcessHet=0.0000;FS=0.000;MLEAC=3;MLEAF=0.500;MQ=60.00;MQRankSum=0.00;QD=20.87;ReadPosRankSum=1.03;SOR=0.682	GT:AD:DP:GQ:PL	0/0:591,0:591:99:0,120,1800	1/1:13,538:551:99:13139,1259,0	0/1:127,1044:1171:99:22811,0,223
Fetal fraction is 0.216908 

chr1	201969082	.	G	A	86558.96	.	AC=4;AF=0.667;AN=6;BaseQRankSum=3.50;DP=5141;ExcessHet=0.0000;FS=0.000;MLEAC=4;MLEAF=0.667;MQ=60.00;MQRankSum=0.00;QD=25.25;ReadPosRankSum=0.312;SOR=0.771	GT:AD:DP:GQ:PL	0/0:1649,0:1649:99:0,120,1800	1/1:1,1432:1433:99:38920,4272,0	1/1:169,1826:1995:99:47658,1468,0
Fetal fraction is 0.169424 

chr1	204400783	.	A	G	85811.96	.	AC=4;AF=0.667;AN=6;BaseQRankSum=3.46;DP=5032;ExcessHet=0.0000;FS=0.000;MLEAC=4;MLEAF=0.667;MQ=60.00;MQRankSum=0.00;QD=25.74;ReadPosRankSum=0.078;SOR=0.669	GT:AD:DP:GQ:PL	0/0:1638,0:1638:99:0,120,1800	1/1:6,1545:1551:99:41621,4481,0	1/1:133,1650:1783:99:44210,1779,0
Fetal fraction is 0.149187 

chr1	204403659	.	A	G	91723.96	.	AC=4;AF=0.667;AN=6;BaseQRankSum=1.88;DP=5272;ExcessHet=0.0000;FS=0.000;MLEAC=4;MLEAF=0.667;MQ=60.00;MQRankSum=0.00;QD=25.62;ReadPosRankSum=0.372;SOR=0.520	GT:AD:DP:GQ:PL	0/0:1605,0:1605:99:0,120,1800	1/1:4,1463:1467:99:39526,4295,0	1/1:134,1979:2113:99:52217,2729,0
Fetal fraction is 0.126834 

chr1	204413297	.	C	T	25204.14	.	AC=2;AF=0.333;AN=6;DP=4585;ExcessHet=0.0000;FS=0.000;MLEAC=2;MLEAF=0.333;MQ=60.00;MQRankSum=0.00;QD=28.73;SOR=0.274	GT:AD:DP:GQ:PL	1/1:2,566:568:99:25221,1661,0	0/0:1717,0:1717:99:0,120,1800	0/0:2291,0:2291:99:0,120,1800
Fetal fraction is 0 

chr1	205886381	.	C	T	42798.96	.	AC=4;AF=0.667;AN=6;BaseQRankSum=-3.346e+00;DP=3069;ExcessHet=0.0000;FS=0.000;MLEAC=4;MLEAF=0.667;MQ=60.00;MQRankSum=0.00;QD=25.40;ReadPosRankSum=3.86;SOR=0.585	GT:AD:DP:GQ:PL	0/0:1292,0:1292:99:0,120,1800	1/1:5,587:592:99:16311,1549,0	1/1:58,1035:1099:99:26507,1479,0
Fetal fraction is 0.10613 

chr1	205888143	.	G	C	78350.96	.	AC=4;AF=0.667;AN=6;BaseQRankSum=1.14;DP=4153;ExcessHet=0.0000;FS=0.000;MLEAC=4;MLEAF=0.667;MQ=60.00;MQRankSum=0.00;QD=25.71;ReadPosRankSum=0.999;SOR=0.526	GT:AD:DP:GQ:PL	0/0:1040,0:1040:99:0,120,1800	1/1:2,1035:1037:99:28246,3056,0	1/1:108,1903:2013:99:50124,3135,0
Fetal fraction is 0.107409 

chr1	213178340	.	G	A	59228.96	.	AC=4;AF=0.667;AN=6;BaseQRankSum=2.99;DP=3788;ExcessHet=0.0000;FS=0.000;MLEAC=4;MLEAF=0.667;MQ=60.00;MQRankSum=0.00;QD=24.13;ReadPosRankSum=-5.310e-01;SOR=0.699	GT:AD:DP:GQ:PL	0/0:1281,0:1281:99:0,120,1800	1/1:0,1043:1043:99:27781,3120,0	1/1:138,1274:1412:99:31467,696,0
Fetal fraction is 0.195467 

chr1	230384937	.	T	C	72755.96	.	AC=4;AF=0.667;AN=6;BaseQRankSum=0.636;DP=4228;ExcessHet=0.0000;FS=0.000;MLEAC=4;MLEAF=0.667;MQ=60.00;MQRankSum=0.00;QD=25.44;ReadPosRankSum=2.65;SOR=0.617	GT:AD:DP:GQ:PL	0/0:1285,0:1285:99:0,120,1800	1/1:3,1237:1240:99:33354,3641,0	1/1:108,1512:1620:99:39421,1717,0
Fetal fraction is 0.133333 

chr1	232574921	.	T	C	33640.55	.	AC=2;AF=0.333;AN=6;BaseQRankSum=0.786;DP=5501;ExcessHet=0.0000;FS=0.000;MLEAC=2;MLEAF=0.333;MQ=60.00;MQRankSum=0.00;QD=27.06;ReadPosRankSum=0.541;SOR=0.728	GT:AD:DP:GQ:PL	1/1:4,1239:1243:99:33655,3626,0	0/0:1860,0:1860:99:0,120,1800	0/0:2352,0:2352:0:0,0,55291
Fetal fraction is 0 

chr1	232581247	.	C	G	36101.55	.	AC=2;AF=0.333;AN=6;DP=5520;ExcessHet=0.0000;FS=0.000;MLEAC=2;MLEAF=0.333;MQ=60.00;QD=27.35;SOR=0.721	GT:AD:DP:GQ:PL	1/1:0,1320:1320:99:36116,3957,0	0/0:1755,0:1755:99:0,120,1800	0/0:2411,0:2411:0:0,0,52797
Fetal fraction is 0 

chr2	3599700	.	G	T	22634.55	.	AC=2;AF=0.333;AN=6;BaseQRankSum=0.529;DP=3713;ExcessHet=0.0000;FS=0.000;MLEAC=2;MLEAF=0.333;MQ=60.00;MQRankSum=0.00;QD=27.04;ReadPosRankSum=1.32;SOR=0.118	GT:AD:DP:GQ:PL	1/1:2,835:837:99:22649,2456,0	0/0:1226,0:1226:99:0,120,1800	0/0:1625,0:1625:0:0,0,34877
Fetal fraction is 0 

chr2	23862187	.	C	G	8646.14	.	AC=2;AF=0.333;AN=6;DP=3724;ExcessHet=0.0000;FS=0.000;MLEAC=2;MLEAF=0.333;MQ=60.00;QD=26.36;SOR=0.925	GT:AD:DP:GQ:PL	1/1:0,328:328:99:8663,982,0	0/0:1092,0:1092:99:0,120,1800	0/0:2278,0:2278:99:0,120,1800
Fetal fraction is 0 

chr2	29240005	.	T	C	16837.14	.	AC=2;AF=0.333;AN=6;DP=2872;ExcessHet=0.0000;FS=0.000;MLEAC=2;MLEAF=0.333;MQ=60.00;QD=27.03;SOR=0.696	GT:AD:DP:GQ:PL	1/1:0,623:623:99:16854,1867,0	0/0:783,0:783:99:0,120,1800	0/0:1446,0:1446:99:0,120,1800
Fetal fraction is 0 

chr2	68511584	.	A	G	45402.96	.	AC=4;AF=0.667;AN=6;BaseQRankSum=1.90;DP=2966;ExcessHet=0.0000;FS=0.000;MLEAC=4;MLEAF=0.667;MQ=60.00;MQRankSum=0.00;QD=23.87;ReadPosRankSum=-1.864e+00;SOR=0.677	GT:AD:DP:GQ:PL	0/0:1017,0:1017:99:0,120,1800	1/1:0,369:369:99:10444,1105,0	1/1:137,1396:1533:99:34978,875,0
Fetal fraction is 0.178735 

chr2	74595014	.	G	A	29341.55	.	AC=2;AF=0.333;AN=6;BaseQRankSum=0.278;DP=4852;ExcessHet=0.0000;FS=0.000;MLEAC=2;MLEAF=0.333;MQ=60.00;MQRankSum=0.00;QD=26.65;ReadPosRankSum=0.135;SOR=0.293	GT:AD:DP:GQ:PL	1/1:1,1100:1101:99:29356,3265,0	0/0:1508,0:1508:99:0,120,1800	0/0:2219,0:2219:0:0,0,52843
Fetal fraction is 0 

chr2	75113572	.	G	A	25453.14	.	AC=2;AF=0.333;AN=6;DP=4136;ExcessHet=0.0000;FS=0.000;MLEAC=2;MLEAF=0.333;MQ=60.00;QD=27.40;SOR=0.708	GT:AD:DP:GQ:PL	1/1:0,929:929:99:25470,2784,0	0/0:1352,0:1352:99:0,120,1800	0/0:1834,0:1834:99:0,120,1800
Fetal fraction is 0 

chr2	75115108	.	A	G	9869.55	.	AC=2;AF=0.333;AN=6;BaseQRankSum=0.343;DP=3262;ExcessHet=0.0000;FS=0.000;MLEAC=2;MLEAF=0.333;MQ=60.00;MQRankSum=0.00;QD=28.04;ReadPosRankSum=-1.137e+00;SOR=0.249	GT:AD:DP:GQ:PL	1/1:1,351:352:99:9884,1030,0	0/0:1056,0:1056:99:0,120,1800	0/0:1827,0:1827:0:0,0,40124
Fetal fraction is 0 

chr2	88874891	.	C	A	16906.14	.	AC=2;AF=0.333;AN=6;BaseQRankSum=-4.445e+00;DP=3378;ExcessHet=0.0000;FS=0.000;MLEAC=2;MLEAF=0.333;MQ=60.00;MQRankSum=0.00;QD=26.05;ReadPosRankSum=2.43;SOR=0.108	GT:AD:DP:GQ:PL	1/1:2,647:649:99:16923,1855,0	0/0:947,0:947:99:0,120,1800	0/0:1772,0:1772:99:0,120,1800
Fetal fraction is 0 

chr2	136546110	.	A	G	78040.96	.	AC=4;AF=0.667;AN=6;BaseQRankSum=0.370;DP=4364;ExcessHet=0.0000;FS=0.000;MLEAC=4;MLEAF=0.667;MQ=60.00;MQRankSum=0.00;QD=25.68;ReadPosRankSum=0.055;SOR=0.724	GT:AD:DP:GQ:PL	0/0:1261,0:1261:99:0,120,1800	1/1:1,1220:1221:99:32968,3634,0	1/1:107,1711:1818:99:45092,2402,0
Fetal fraction is 0.117712 

chr2	136555659	.	T	C	46404.96	.	AC=4;AF=0.667;AN=6;BaseQRankSum=1.60;DP=3172;ExcessHet=0.0000;FS=5.004;MLEAC=4;MLEAF=0.667;MQ=60.00;MQRankSum=0.00;QD=26.89;ReadPosRankSum=0.538;SOR=0.704	GT:AD:DP:GQ:PL	0/0:1368,0:1368:99:0,120,1800	1/1:1,1168:1169:99:31960,3477,0	1/1:40,517:558:99:14464,550,0
Fetal fraction is 0.143627 

chr2	152382454	.	C	G	54722.96	.	AC=4;AF=0.667;AN=6;BaseQRankSum=1.65;DP=3363;ExcessHet=0.0000;FS=0.000;MLEAC=4;MLEAF=0.667;MQ=60.00;MQRankSum=0.00;QD=24.73;ReadPosRankSum=2.45;SOR=0.702	GT:AD:DP:GQ:PL	0/0:1088,0:1088:99:0,120,1800	1/1:2,975:979:99:26007,2837,0	1/1:108,1128:1236:99:28735,840,0
Fetal fraction is 0.174757 

chr2	152387553	.	T	C	41581.96	.	AC=4;AF=0.667;AN=6;BaseQRankSum=0.792;DP=2665;ExcessHet=0.0000;FS=1.596;MLEAC=4;MLEAF=0.667;MQ=60.00;MQRankSum=0.00;QD=24.63;ReadPosRankSum=-1.140e-01;SOR=0.436	GT:AD:DP:GQ:PL	0/0:924,0:924:99:0,120,1800	1/1:0,806:806:99:21470,2413,0	1/1:56,826:886:99:20131,1220,0
Fetal fraction is 0.126984 

chr2	169764176	.	G	C	31680.96	.	AC=4;AF=0.667;AN=6;BaseQRankSum=0.749;DP=2461;ExcessHet=0.0000;FS=1.208;MLEAC=4;MLEAF=0.667;MQ=60.00;MQRankSum=0.00;QD=23.61;ReadPosRankSum=-1.540e-01;SOR=0.459	GT:AD:DP:GQ:PL	0/0:1070,0:1070:99:0,120,1800	1/1:0,434:434:99:11932,1303,0	1/1:78,830:908:99:19768,684,0
Fetal fraction is 0.171806 

chr2	170053505	.	C	T	56520.96	.	AC=4;AF=0.667;AN=6;BaseQRankSum=1.37;DP=3285;ExcessHet=0.0000;FS=0.000;MLEAC=4;MLEAF=0.667;MQ=60.00;MQRankSum=0.00;QD=24.82;ReadPosRankSum=2.45;SOR=0.633	GT:AD:DP:GQ:PL	0/0:945,0:945:99:0,120,1800	1/1:0,836:836:99:22275,2504,0	1/1:101,1340:1441:99:34265,1617,0
Fetal fraction is 0.14018 

chr2	170082013	.	A	G	17475.14	.	AC=2;AF=0.333;AN=6;DP=3457;ExcessHet=0.0000;FS=0.000;MLEAC=2;MLEAF=0.333;MQ=60.00;QD=27.09;SOR=0.828	GT:AD:DP:GQ:PL	1/1:0,645:647:99:17492,1936,0	0/0:944,0:944:99:0,120,1800	0/0:1838,0:1838:99:0,120,1800
Fetal fraction is 0 

chr2	170092395	.	A	G	23726.14	.	AC=2;AF=0.333;AN=6;BaseQRankSum=0.350;DP=4328;ExcessHet=0.0000;FS=0.000;MLEAC=2;MLEAF=0.333;MQ=60.00;MQRankSum=0.00;QD=26.78;ReadPosRankSum=0.800;SOR=0.248	GT:AD:DP:GQ:PL	1/1:1,885:888:99:23743,2628,0	0/0:1326,0:1326:99:0,120,1800	0/0:2085,0:2085:30:0,30,48850
Fetal fraction is 0 

chr2	170103336	.	T	C	20026.15	.	AC=2;AF=0.333;AN=6;DP=3562;ExcessHet=0.0000;FS=0.000;MLEAC=2;MLEAF=0.333;MQ=60.00;QD=26.81;SOR=0.762	GT:AD:DP:GQ:PL	1/1:0,747:747:99:20043,2237,0	0/0:1026,0:1026:99:0,120,1800	0/0:1766,0:1766:26:0,26,40727
Fetal fraction is 0 

chr2	174097106	.	A	G	18310.14	.	AC=2;AF=0.333;AN=6;BaseQRankSum=0.529;DP=3766;ExcessHet=0.0000;FS=0.000;MLEAC=2;MLEAF=0.333;MQ=60.00;MQRankSum=0.00;QD=26.42;ReadPosRankSum=0.467;SOR=0.063	GT:AD:DP:GQ:PL	1/1:3,690:693:99:18327,1997,0	0/0:1068,0:1068:99:0,120,1800	0/0:1971,0:1971:99:0,120,1800
Fetal fraction is 0 

chr2	209358027	.	C	T	6902.55	.	AC=2;AF=0.333;AN=6;DP=3220;ExcessHet=0.0000;FS=0.000;MLEAC=2;MLEAF=0.333;MQ=60.00;QD=27.61;SOR=0.725	GT:AD:DP:GQ:PL	1/1:0,250:250:99:6917,748,0	0/0:1161,0:1161:99:0,120,1800	0/0:1784,0:1784:0:0,0,39090
Fetal fraction is 0 

chr2	231331896	.	G	A	30223.14	.	AC=2;AF=0.333;AN=6;BaseQRankSum=-2.521e+00;DP=5072;ExcessHet=0.0000;FS=0.000;MLEAC=2;MLEAF=0.333;MQ=60.00;MQRankSum=0.00;QD=26.96;ReadPosRankSum=2.54;SOR=0.155	GT:AD:DP:GQ:PL	1/1:3,1118:1121:99:30240,3243,0	0/0:1647,0:1647:99:0,120,1800	0/0:2267,0:2267:99:0,120,1800
Fetal fraction is 0 

chr2	240981262	.	A	C	42575.96	.	AC=4;AF=0.667;AN=6;BaseQRankSum=0.588;DP=2540;ExcessHet=0.0000;FS=0.000;MLEAC=4;MLEAF=0.667;MQ=60.00;MQRankSum=0.00;QD=24.43;ReadPosRankSum=2.11;SOR=0.767	GT:AD:DP:GQ:PL	0/0:755,0:755:99:0,120,1800	1/1:2,642:644:99:17536,1879,0	1/1:80,1019:1099:99:25059,1096,0
Fetal fraction is 0.145587 

chr3	4842231	.	C	T	16802.55	.	AC=2;AF=0.333;AN=6;BaseQRankSum=-4.597e+00;DP=3364;ExcessHet=0.0000;FS=3.211;MLEAC=2;MLEAF=0.333;MQ=60.00;MQRankSum=0.00;QD=26.09;ReadPosRankSum=3.22;SOR=0.231	GT:AD:DP:GQ:PL	1/1:4,640:646:99:16817,1741,0	0/0:941,0:941:99:0,120,1800	0/0:1762,0:1762:0:0,0,39119
Fetal fraction is 0 

chr3	20113830	.	G	A	49035.96	.	AC=4;AF=0.667;AN=6;BaseQRankSum=1.47;DP=3244;ExcessHet=0.0000;FS=0.000;MLEAC=4;MLEAF=0.667;MQ=60.00;MQRankSum=0.00;QD=23.86;ReadPosRankSum=2.82;SOR=0.566	GT:AD:DP:GQ:PL	0/0:1114,0:1114:99:0,120,1800	1/1:2,394:396:99:11128,1136,0	1/1:142,1517:1659:99:37927,1195,0
Fetal fraction is 0.171187 

chr3	40468896	.	C	T	48507.96	.	AC=4;AF=0.667;AN=6;BaseQRankSum=0.429;DP=3238;ExcessHet=0.0000;FS=1.658;MLEAC=4;MLEAF=0.667;MQ=60.00;MQRankSum=0.00;QD=24.98;ReadPosRankSum=1.45;SOR=0.223	GT:AD:DP:GQ:PL	0/0:1250,0:1250:99:0,120,1800	1/1:0,1041:1041:99:28200,3117,0	1/1:65,836:903:99:20327,981,0
Fetal fraction is 0.144284 

chr3	40552916	.	T	C	77380.96	.	AC=4;AF=0.667;AN=6;BaseQRankSum=1.28;DP=4414;ExcessHet=0.0000;FS=0.000;MLEAC=4;MLEAF=0.667;MQ=60.00;MQRankSum=0.00;QD=25.21;ReadPosRankSum=0.432;SOR=0.709	GT:AD:DP:GQ:PL	0/0:1265,0:1265:99:0,120,1800	1/1:2,1224:1226:99:33525,3626,0	1/1:136,1707:1843:99:43875,1850,0
Fetal fraction is 0.147585 

chr3	47125385	.	G	A	52964.96	.	AC=4;AF=0.667;AN=6;BaseQRankSum=3.27;DP=3095;ExcessHet=0.0000;FS=0.000;MLEAC=4;MLEAF=0.667;MQ=60.00;MQRankSum=0.00;QD=24.78;ReadPosRankSum=-1.220e-01;SOR=0.749	GT:AD:DP:GQ:PL	0/0:926,0:926:99:0,120,1800	1/1:2,786:788:99:21320,2310,0	1/1:112,1237:1349:99:31664,1125,0
Fetal fraction is 0.166049 

chr3	47282303	.	G	A	42338.96	.	AC=4;AF=0.667;AN=6;BaseQRankSum=-1.040e-01;DP=2702;ExcessHet=0.0000;FS=0.000;MLEAC=4;MLEAF=0.667;MQ=60.00;MQRankSum=0.00;QD=23.65;ReadPosRankSum=2.31;SOR=0.698	GT:AD:DP:GQ:PL	0/0:816,0:816:99:0,120,1800	1/1:2,378:383:99:10484,1062,0	1/1:115,1295:1410:99:31874,1068,0
Fetal fraction is 0.163121 

chr3	100277476	.	G	C	17027.55	.	AC=2;AF=0.333;AN=6;DP=3425;ExcessHet=0.0000;FS=0.000;MLEAC=2;MLEAF=0.333;MQ=60.00;QD=26.94;SOR=0.693	GT:AD:DP:GQ:PL	1/1:0,632:632:99:17042,1891,0	0/0:960,0:960:99:0,120,1800	0/0:1816,0:1816:0:0,0,41381
Fetal fraction is 0 

chr3	100712249	.	T	C	42977.96	.	AC=4;AF=0.667;AN=6;BaseQRankSum=0.538;DP=2911;ExcessHet=0.0000;FS=1.648;MLEAC=4;MLEAF=0.667;MQ=60.00;MQRankSum=0.00;QD=24.43;ReadPosRankSum=2.19;SOR=0.300	GT:AD:DP:GQ:PL	0/0:1104,0:1104:99:0,120,1800	1/1:2,919:921:99:24839,2714,0	1/1:66,772:843:99:18158,802,0
Fetal fraction is 0.157518 

chr3	113955164	.	T	G	73486.96	.	AC=4;AF=0.667;AN=6;BaseQRankSum=2.39;DP=4364;ExcessHet=0.0000;FS=1.445;MLEAC=4;MLEAF=0.667;MQ=60.00;MQRankSum=0.00;QD=24.41;ReadPosRankSum=0.476;SOR=0.652	GT:AD:DP:GQ:PL	0/0:1296,0:1296:99:0,120,1800	1/1:2,1175:1177:99:31250,3489,0	1/1:122,1711:1833:99:42256,2230,0
Fetal fraction is 0.133115 

chr3	124374405	.	A	C	24741.55	.	AC=2;AF=0.333;AN=6;DP=4074;ExcessHet=0.0000;FS=0.000;MLEAC=2;MLEAF=0.333;MQ=60.00;QD=27.16;SOR=0.709	GT:AD:DP:GQ:PL	1/1:0,911:911:99:24756,2730,0	0/0:1348,0:1348:99:0,120,1800	0/0:1798,0:1798:0:0,0,37598
Fetal fraction is 0 

chr3	124732618	.	A	G	54064.96	.	AC=4;AF=0.667;AN=6;BaseQRankSum=1.42;DP=3502;ExcessHet=0.0000;FS=0.000;MLEAC=4;MLEAF=0.667;MQ=60.00;MQRankSum=0.00;QD=25.08;ReadPosRankSum=1.48;SOR=0.752	GT:AD:DP:GQ:PL	0/0:1245,0:1245:99:0,120,1800	1/1:0,1122:1122:99:30935,3362,0	1/1:73,961:1034:99:23149,1248,0
Fetal fraction is 0.141199 

chr3	133108978	.	A	G	27019.55	.	AC=2;AF=0.333;AN=6;BaseQRankSum=0.391;DP=4531;ExcessHet=0.0000;FS=0.000;MLEAC=2;MLEAF=0.333;MQ=60.00;MQRankSum=0.00;QD=27.02;ReadPosRankSum=-9.410e-01;SOR=0.265	GT:AD:DP:GQ:PL	1/1:1,999:1000:99:27034,2972,0	0/0:1513,0:1513:99:0,120,1800	0/0:1987,0:1987:0:0,0,44114
Fetal fraction is 0 

chr3	140998214	.	G	A	22012.14	.	AC=2;AF=0.333;AN=6;DP=4130;ExcessHet=0.0000;FS=0.000;MLEAC=2;MLEAF=0.333;MQ=60.00;MQRankSum=0.00;QD=26.78;SOR=0.362	GT:AD:DP:GQ:PL	1/1:1,821:822:99:22029,2433,0	0/0:1250,0:1250:99:0,120,1800	0/0:2033,0:2033:99:0,120,1800
Fetal fraction is 0 

chr3	171969077	.	C	G	33561.96	.	AC=4;AF=0.667;AN=6;BaseQRankSum=-5.850e-01;DP=1963;ExcessHet=0.0000;FS=0.000;MLEAC=4;MLEAF=0.667;MQ=60.00;MQRankSum=0.00;QD=24.55;ReadPosRankSum=0.564;SOR=0.618	GT:AD:DP:GQ:PL	0/0:553,0:553:99:0,120,1800	1/1:0,477:477:99:12710,1428,0	1/1:69,821:890:99:20871,722,0
Fetal fraction is 0.155056 

chr3	184075047	.	A	G	19922.55	.	AC=2;AF=0.333;AN=6;DP=3534;ExcessHet=0.0000;FS=0.000;MLEAC=2;MLEAF=0.333;MQ=60.00;QD=27.00;SOR=0.760	GT:AD:DP:GQ:PL	1/1:0,738:738:99:19937,2211,0	0/0:992,0:992:99:0,120,1800	0/0:1787,0:1787:0:0,0,40603
Fetal fraction is 0 

chr3	189604149	.	T	G	13051.95	.	AC=3;AF=0.500;AN=6;BaseQRankSum=0.338;DP=2413;ExcessHet=0.0000;FS=1.156;MLEAC=3;MLEAF=0.500;MQ=60.00;MQRankSum=0.00;QD=7.92;ReadPosRankSum=0.784;SOR=0.709	GT:AD:DP:GQ:PL	1/1:1,477:478:99:12741,1406,0	0/0:746,0:746:99:0,120,1800	0/1:1082,87:1169:99:327,0,43806
Fetal fraction is 0.148845 

chr4	15568992	.	T	C	46677.96	.	AC=4;AF=0.667;AN=6;BaseQRankSum=0.582;DP=2607;ExcessHet=0.0000;FS=0.000;MLEAC=4;MLEAF=0.667;MQ=60.00;MQRankSum=0.00;QD=24.72;ReadPosRankSum=1.76;SOR=0.537	GT:AD:DP:GQ:PL	0/0:660,0:660:99:0,120,1800	1/1:0,643:643:99:17378,1924,0	1/1:89,1156:1245:99:29319,1354,0
Fetal fraction is 0.142972 

chr4	15733454	.	A	C	31833.96	.	AC=4;AF=0.667;AN=6;BaseQRankSum=1.71;DP=2438;ExcessHet=0.0000;FS=0.000;MLEAC=4;MLEAF=0.667;MQ=60.00;MQRankSum=0.00;QD=25.33;ReadPosRankSum=2.21;SOR=0.417	GT:AD:DP:GQ:PL	0/0:1119,0:1119:99:0,120,1800	1/1:2,416:418:99:11737,1191,0	1/1:55,784:839:99:20116,1152,0
Fetal fraction is 0.131108 

chr4	153565641	.	A	G	51690.96	.	AC=4;AF=0.667;AN=6;BaseQRankSum=0.898;DP=3169;ExcessHet=0.0000;FS=1.157;MLEAC=4;MLEAF=0.667;MQ=60.00;MQRankSum=0.00;QD=24.78;ReadPosRankSum=2.42;SOR=0.703	GT:AD:DP:GQ:PL	0/0:1018,0:1018:99:0,120,1800	1/1:2,892:894:99:24487,2580,0	1/1:124,1068:1192:95:27223,95,0
Fetal fraction is 0.208054 

chr5	31409252	.	A	G	59938.96	.	AC=4;AF=0.667;AN=6;BaseQRankSum=0.189;DP=3618;ExcessHet=0.0000;FS=0.000;MLEAC=4;MLEAF=0.667;MQ=60.00;MQRankSum=0.00;QD=24.87;ReadPosRankSum=-1.934e+00;SOR=0.679	GT:AD:DP:GQ:PL	0/0:1136,0:1136:99:0,120,1800	1/1:0,473:478:99:12976,1417,0	1/1:110,1827:1937:99:46982,2811,0
Fetal fraction is 0.113578 

chr5	41008780	.	A	G	60911.96	.	AC=4;AF=0.667;AN=6;BaseQRankSum=0.361;DP=3987;ExcessHet=0.0000;FS=1.706;MLEAC=4;MLEAF=0.667;MQ=60.00;MQRankSum=0.00;QD=25.41;ReadPosRankSum=-1.081e+00;SOR=0.594	GT:AD:DP:GQ:PL	0/0:1516,0:1516:99:0,120,1800	1/1:1,1360:1362:99:36558,4055,0	1/1:71,965:1038:99:24373,1080,0
Fetal fraction is 0.137066 

chr5	54603822	.	T	C	32150.55	.	AC=2;AF=0.333;AN=6;BaseQRankSum=-2.653e+00;DP=3503;ExcessHet=0.0000;FS=0.000;MLEAC=2;MLEAF=0.333;MQ=60.00;MQRankSum=0.00;QD=26.84;ReadPosRankSum=1.36;SOR=0.139	GT:AD:DP:GQ:PL	1/1:3,1195:1200:99:32165,3463,0	0/0:1641,0:1641:99:0,120,1800	0/0:623,0:623:0:0,0,13811
Fetal fraction is 0 

chr5	55155402	.	C	T	34361.96	.	AC=4;AF=0.667;AN=6;BaseQRankSum=-1.580e+00;DP=2908;ExcessHet=0.0000;FS=6.987;MLEAC=4;MLEAF=0.667;MQ=60.00;MQRankSum=0.00;QD=24.65;ReadPosRankSum=3.55;SOR=0.221	GT:AD:DP:GQ:PL	0/0:1437,0:1437:99:0,120,1800	1/1:5,358:363:99:10585,868,0	1/1:71,960:1031:99:23796,1104,0
Fetal fraction is 0.13773 

chr5	79375724	.	G	C	15755.14	.	AC=2;AF=0.333;AN=6;BaseQRankSum=0.510;DP=4993;ExcessHet=0.0000;FS=0.000;MLEAC=2;MLEAF=0.333;MQ=60.00;MQRankSum=0.00;QD=27.59;ReadPosRankSum=2.18;SOR=0.945	GT:AD:DP:GQ:PL	1/1:2,569:577:99:15772,1662,0	0/0:1699,0:1699:99:0,120,1800	0/0:2688,0:2688:99:0,120,1800
Fetal fraction is 0 

chr5	126887569	.	G	A	28908.55	.	AC=2;AF=0.333;AN=6;BaseQRankSum=0.350;DP=4944;ExcessHet=0.0000;FS=0.000;MLEAC=2;MLEAF=0.333;MQ=60.00;MQRankSum=0.00;QD=26.77;ReadPosRankSum=0.064;SOR=0.244	GT:AD:DP:GQ:PL	1/1:1,1079:1080:99:28923,3210,0	0/0:1630,0:1630:99:0,120,1800	0/0:2202,0:2202:0:0,0,49436
Fetal fraction is 0 

chr5	126889640	.	A	G	22282.55	.	AC=2;AF=0.333;AN=6;DP=3880;ExcessHet=0.0000;FS=0.000;MLEAC=2;MLEAF=0.333;MQ=60.00;QD=27.01;SOR=0.710	GT:AD:DP:GQ:PL	1/1:0,825:825:99:22297,2472,0	0/0:1194,0:1194:99:0,120,1800	0/0:1840,0:1840:0:0,0,40460
Fetal fraction is 0 

chr5	131322494	.	C	T	39811.96	.	AC=4;AF=0.667;AN=6;BaseQRankSum=1.49;DP=3021;ExcessHet=0.0000;FS=0.000;MLEAC=4;MLEAF=0.667;MQ=60.00;MQRankSum=0.00;QD=24.17;ReadPosRankSum=-1.710e-01;SOR=0.678	GT:AD:DP:GQ:PL	0/0:1296,0:1296:99:0,120,1800	1/1:0,534:534:99:15209,1603,0	1/1:87,1026:1113:99:24622,1084,0
Fetal fraction is 0.156334 

chr5	131325888	.	A	G	88204.96	.	AC=4;AF=0.667;AN=6;BaseQRankSum=1.14;DP=4919;ExcessHet=0.0000;FS=0.000;MLEAC=4;MLEAF=0.667;MQ=60.00;MQRankSum=0.00;QD=25.51;ReadPosRankSum=-1.235e+00;SOR=0.670	GT:AD:DP:GQ:PL	0/0:1371,0:1371:99:0,120,1800	1/1:2,1342:1344:99:36458,3966,0	1/1:143,1971:2114:99:51766,2426,0
Fetal fraction is 0.135289 

chr5	136969793	.	C	T	27265.55	.	AC=2;AF=0.333;AN=6;BaseQRankSum=0.286;DP=4775;ExcessHet=0.0000;FS=0.000;MLEAC=2;MLEAF=0.333;MQ=60.00;MQRankSum=0.00;QD=26.09;ReadPosRankSum=0.577;SOR=0.830	GT:AD:DP:GQ:PL	1/1:2,1043:1045:99:27280,3062,0	0/0:1554,0:1554:99:0,120,1800	0/0:2150,0:2150:0:0,0,48388
Fetal fraction is 0 

chr5	136975687	.	G	A	57174.96	.	AC=4;AF=0.667;AN=6;BaseQRankSum=-5.110e-01;DP=3897;ExcessHet=0.0000;FS=0.000;MLEAC=4;MLEAF=0.667;MQ=60.00;MQRankSum=0.00;QD=24.79;ReadPosRankSum=0.921;SOR=0.668	GT:AD:DP:GQ:PL	0/0:1529,0:1529:99:0,120,1800	1/1:0,624:624:99:17939,1869,0	1/1:135,1547:1682:99:39255,1222,0
Fetal fraction is 0.160523 

chr5	149584981	.	A	G	85500.96	.	AC=4;AF=0.667;AN=6;BaseQRankSum=0.658;DP=4682;ExcessHet=0.0000;FS=0.000;MLEAC=4;MLEAF=0.667;MQ=60.00;MQRankSum=0.00;QD=26.37;ReadPosRankSum=1.75;SOR=0.743	GT:AD:DP:GQ:PL	0/0:1362,0:1362:99:0,120,1800	1/1:2,1168:1170:99:32570,3453,0	1/1:130,1942:2072:99:52950,2386,0
Fetal fraction is 0.125483 

chr5	168250350	.	C	G	33312.14	.	AC=2;AF=0.333;AN=6;BaseQRankSum=-3.618e+00;DP=5416;ExcessHet=0.0000;FS=0.000;MLEAC=2;MLEAF=0.333;MQ=60.00;MQRankSum=0.00;QD=26.89;ReadPosRankSum=2.48;SOR=0.117	GT:AD:DP:GQ:PL	1/1:4,1235:1239:99:33329,3554,0	0/0:1668,0:1668:99:0,120,1800	0/0:2472,0:2472:99:0,120,1800
Fetal fraction is 0 

chr5	175998208	.	T	G	17074.55	.	AC=2;AF=0.333;AN=6;BaseQRankSum=-2.706e+00;DP=3246;ExcessHet=0.0000;FS=0.000;MLEAC=2;MLEAF=0.333;MQ=60.00;MQRankSum=0.00;QD=26.47;ReadPosRankSum=1.13;SOR=0.428	GT:AD:DP:GQ:PL	1/1:3,642:645:99:17089,1816,0	0/0:963,0:963:99:0,120,1800	0/0:1617,0:1617:0:0,0,35596
Fetal fraction is 0 

chr5	176005477	.	C	T	62158.96	.	AC=4;AF=0.667;AN=6;BaseQRankSum=0.817;DP=4101;ExcessHet=0.0000;FS=0.000;MLEAC=4;MLEAF=0.667;MQ=60.00;MQRankSum=0.00;QD=26.69;ReadPosRankSum=-8.000e-03;SOR=0.460	GT:AD:DP:GQ:PL	0/0:1667,0:1667:99:0,120,1800	1/1:0,740:740:99:20418,2209,0	1/1:61,1528:1592:99:41760,3037,0
Fetal fraction is 0.0767778 

chr6	564145	.	A	G	23030.14	.	AC=2;AF=0.333;AN=6;DP=4095;ExcessHet=0.0000;FS=0.000;MLEAC=2;MLEAF=0.333;MQ=60.00;QD=27.13;SOR=0.695	GT:AD:DP:GQ:PL	1/1:0,849:851:99:23047,2545,0	0/0:1376,0:1376:99:0,120,1800	0/0:1835,0:1835:99:0,120,1800
Fetal fraction is 0 

chr6	49494241	.	A	G	55509.96	.	AC=4;AF=0.667;AN=6;BaseQRankSum=0.524;DP=3757;ExcessHet=0.0000;FS=0.000;MLEAC=4;MLEAF=0.667;MQ=60.00;MQRankSum=0.00;QD=24.55;ReadPosRankSum=-6.250e-01;SOR=0.872	GT:AD:DP:GQ:PL	0/0:1410,0:1410:99:0,120,1800	1/1:3,1315:1318:99:34562,3876,0	1/1:76,867:946:99:20967,532,0
Fetal fraction is 0.161188 

chr6	99842056	.	C	A	33764.96	.	AC=4;AF=0.667;AN=6;BaseQRankSum=4.31;DP=2354;ExcessHet=0.0000;FS=0.000;MLEAC=4;MLEAF=0.667;MQ=60.00;MQRankSum=0.00;QD=24.41;ReadPosRankSum=1.29;SOR=0.637	GT:AD:DP:GQ:PL	0/0:922,0:922:99:0,120,1800	1/1:3,846:851:99:21437,2488,0	1/1:33,501:534:99:12347,570,0
Fetal fraction is 0.123596 

chr6	108029020	.	T	C	53261.96	.	AC=4;AF=0.667;AN=6;BaseQRankSum=2.63;DP=3648;ExcessHet=0.0000;FS=0.000;MLEAC=4;MLEAF=0.667;MQ=60.00;MQRankSum=0.00;QD=24.18;ReadPosRankSum=2.65;SOR=0.689	GT:AD:DP:GQ:PL	0/0:1342,0:1342:99:0,120,1800	1/1:3,481:485:99:13139,1205,0	1/1:163,1556:1719:99:40142,652,0
Fetal fraction is 0.189645 

chr6	110964409	.	G	A	19583.14	.	AC=2;AF=0.333;AN=6;BaseQRankSum=0.430;DP=3783;ExcessHet=0.0000;FS=0.000;MLEAC=2;MLEAF=0.333;MQ=59.93;MQRankSum=0.00;QD=27.74;ReadPosRankSum=0.372;SOR=0.227	GT:AD:DP:GQ:PL	1/1:1,705:706:99:19600,2088,0	0/0:1084,0:1084:99:0,120,1800	0/0:1973,0:1973:99:0,120,1800
Fetal fraction is 0 

chr6	117113653	.	T	C	67895.96	.	AC=4;AF=0.667;AN=6;BaseQRankSum=0.968;DP=3888;ExcessHet=0.0000;FS=0.000;MLEAC=4;MLEAF=0.667;MQ=60.00;MQRankSum=0.00;QD=25.26;ReadPosRankSum=0.718;SOR=0.509	GT:AD:DP:GQ:PL	0/0:1137,0:1137:99:0,120,1800	1/1:6,941:947:99:25402,2689,0	1/1:82,1659:1741:99:42513,2964,0
Fetal fraction is 0.0941988 

chr6	117114223	.	T	A	34598.96	.	AC=4;AF=0.667;AN=6;BaseQRankSum=0.282;DP=2382;ExcessHet=0.0000;FS=0.000;MLEAC=4;MLEAF=0.667;MQ=60.00;MQRankSum=0.00;QD=25.27;ReadPosRankSum=0.811;SOR=0.402	GT:AD:DP:GQ:PL	0/0:955,0:955:99:0,120,1800	1/1:0,373:373:99:10572,1119,0	1/1:46,950:1000:99:24046,1780,0
Fetal fraction is 0.0923694 

chr6	139094638	.	A	G	6339.62	.	AC=3;AF=0.500;AN=6;BaseQRankSum=-1.591e+00;DP=1327;ExcessHet=0.0000;FS=38.278;MLEAC=3;MLEAF=0.500;MQ=59.71;MQRankSum=0.00;QD=31.54;ReadPosRankSum=2.92;SOR=3.281	GT:AD:DP:GQ:PL	0/0:790,0:790:0:0,0,12053	1/1:0,140:142:99:4654,427,0	0/1:5,56:64:1:1697,0,1
Fetal fraction is 0.163934 

chr6	151125896	.	G	A	63714.96	.	AC=4;AF=0.667;AN=6;BaseQRankSum=0.675;DP=3717;ExcessHet=0.0000;FS=0.000;MLEAC=4;MLEAF=0.667;MQ=60.00;MQRankSum=0.00;QD=25.32;ReadPosRankSum=1.55;SOR=0.604	GT:AD:DP:GQ:PL	0/0:1135,0:1135:99:0,120,1800	1/1:1,1129:1130:99:31216,3362,0	1/1:110,1276:1386:99:32518,1145,0
Fetal fraction is 0.15873 

chr6	160858188	.	G	A	12339.14	.	AC=2;AF=0.333;AN=6;DP=4264;ExcessHet=0.0000;FS=0.000;MLEAC=2;MLEAF=0.333;MQ=60.00;QD=27.42;SOR=1.097	GT:AD:DP:GQ:PL	1/1:0,450:457:99:12356,1346,0	0/0:1436,0:1436:99:0,120,1800	0/0:2353,0:2353:99:0,120,1800
Fetal fraction is 0 

chr6	167721253	.	C	G	17101.54	.	AC=2;AF=0.333;AN=6;BaseQRankSum=0.322;DP=5012;ExcessHet=0.0000;FS=0.000;MLEAC=2;MLEAF=0.333;MQ=59.97;MQRankSum=0.00;QD=26.72;ReadPosRankSum=-1.300e-02;SOR=0.260	GT:AD:DP:GQ:PL	1/1:1,639:655:99:17116,1908,0	0/0:1792,0:1792:99:0,120,1800	0/0:2524,0:2524:0:0,0,59800
Fetal fraction is 0 

chr7	11022564	.	G	A	57919.96	.	AC=4;AF=0.667;AN=6;BaseQRankSum=1.72;DP=3466;ExcessHet=0.0000;FS=0.000;MLEAC=4;MLEAF=0.667;MQ=60.00;MQRankSum=0.00;QD=24.46;ReadPosRankSum=2.65;SOR=0.585	GT:AD:DP:GQ:PL	0/0:1021,0:1021:99:0,120,1800	1/1:0,965:965:99:25726,2891,0	1/1:118,1285:1405:99:32213,1101,0
Fetal fraction is 0.168211 

chr7	21757578	.	T	C	48465.96	.	AC=4;AF=0.667;AN=6;BaseQRankSum=0.431;DP=3320;ExcessHet=0.0000;FS=0.000;MLEAC=4;MLEAF=0.667;MQ=60.00;MQRankSum=0.00;QD=23.61;ReadPosRankSum=3.52;SOR=0.586	GT:AD:DP:GQ:PL	0/0:1206,0:1206:99:0,120,1800	1/1:5,506:514:99:13666,1253,0	1/1:135,1407:1542:99:34819,989,0
Fetal fraction is 0.175097 

chr7	43982482	.	A	C	64496.96	.	AC=4;AF=0.667;AN=6;BaseQRankSum=-1.216e+00;DP=4038;ExcessHet=0.0000;FS=0.000;MLEAC=4;MLEAF=0.667;MQ=60.00;MQRankSum=0.00;QD=25.26;ReadPosRankSum=1.62;SOR=0.723	GT:AD:DP:GQ:PL	0/0:1392,0:1392:99:0,120,1800	1/1:1,519:520:99:14550,1522,0	1/1:110,1923:2033:99:49966,3001,0
Fetal fraction is 0.108214 

chr7	50596864	.	C	T	10809.55	.	AC=2;AF=0.333;AN=6;BaseQRankSum=-4.317e+00;DP=3625;ExcessHet=0.0000;FS=8.413;MLEAC=2;MLEAF=0.333;MQ=60.00;MQRankSum=0.00;QD=27.79;ReadPosRankSum=2.69;SOR=0.073	GT:AD:DP:GQ:PL	1/1:4,385:389:99:10824,1006,0	0/0:1230,0:1230:99:0,120,1800	0/0:1983,0:1983:0:0,0,44732
Fetal fraction is 0 

chr7	72891754	.	C	T	9425.55	.	AC=2;AF=0.333;AN=6;BaseQRankSum=-6.631e+00;DP=3311;ExcessHet=0.0000;FS=9.129;MLEAC=2;MLEAF=0.333;MQ=60.00;MQRankSum=0.00;QD=25.41;ReadPosRankSum=3.50;SOR=0.082	GT:AD:DP:GQ:PL	1/1:7,364:371:99:9440,817,0	0/0:1255,0:1255:99:0,120,1800	0/0:1660,0:1660:0:0,0,35761
Fetal fraction is 0 

chr7	75185985	.	A	G	36646.96	.	AC=4;AF=0.667;AN=6;BaseQRankSum=-1.800e-02;DP=1889;ExcessHet=0.0000;FS=1.430;MLEAC=4;MLEAF=0.667;MQ=60.00;MQRankSum=0.00;QD=25.97;ReadPosRankSum=-3.481e+00;SOR=0.663	GT:AD:DP:GQ:PL	0/0:433,0:433:99:0,120,1800	1/1:0,365:365:99:10953,1091,0	1/1:56,990:1046:99:25713,1634,0
Fetal fraction is 0.107075 

chr7	124387092	.	C	G	30763.14	.	AC=2;AF=0.333;AN=6;DP=4813;ExcessHet=0.0000;FS=0.000;MLEAC=2;MLEAF=0.333;MQ=60.00;QD=27.13;SOR=0.711	GT:AD:DP:GQ:PL	1/1:0,1134:1134:99:30780,3398,0	0/0:1517,0:1517:99:0,120,1800	0/0:2123,0:2123:99:0,120,1800
Fetal fraction is 0 

chr7	140051848	.	C	T	22366.19	.	AC=2;AF=0.333;AN=6;DP=3991;ExcessHet=0.0000;FS=0.000;MLEAC=2;MLEAF=0.333;MQ=60.00;QD=26.63;SOR=0.717	GT:AD:DP:GQ:PL	1/1:0,840:840:99:22383,2514,0	0/0:1222,0:1222:99:0,120,1800	0/0:1899,0:1899:17:0,17,43707
Fetal fraction is 0 

chr7	158526880	.	G	A	28589.55	.	AC=2;AF=0.333;AN=6;DP=4627;ExcessHet=0.0000;FS=0.000;MLEAC=2;MLEAF=0.333;MQ=60.00;QD=26.92;SOR=0.771	GT:AD:DP:GQ:PL	1/1:0,1062:1062:99:28604,3179,0	0/0:1480,0:1480:99:0,120,1800	0/0:2063,0:2063:0:0,0,44188
Fetal fraction is 0 

chr7	158531692	.	C	T	30073.55	.	AC=2;AF=0.333;AN=6;BaseQRankSum=-3.310e+00;DP=4904;ExcessHet=0.0000;FS=0.000;MLEAC=2;MLEAF=0.333;MQ=60.00;MQRankSum=0.00;QD=27.39;ReadPosRankSum=2.40;SOR=0.107	GT:AD:DP:GQ:PL	1/1:2,1096:1098:99:30088,3203,0	0/0:1657,0:1657:99:0,120,1800	0/0:2107,0:2107:0:0,0,49414
Fetal fraction is 0 

chr7	158536267	.	T	C	30856.14	.	AC=2;AF=0.333;AN=6;BaseQRankSum=2.17;DP=5130;ExcessHet=0.0000;FS=0.000;MLEAC=2;MLEAF=0.333;MQ=60.00;MQRankSum=0.00;QD=27.40;ReadPosRankSum=1.19;SOR=0.234	GT:AD:DP:GQ:PL	1/1:2,1124:1128:99:30873,3337,0	0/0:1647,0:1647:99:0,120,1800	0/0:2324,0:2324:99:0,120,1800
Fetal fraction is 0 

chr8	72965973	.	G	A	53879.96	.	AC=4;AF=0.667;AN=6;BaseQRankSum=2.36;DP=3204;ExcessHet=0.0000;FS=0.000;MLEAC=4;MLEAF=0.667;MQ=60.00;MQRankSum=0.00;QD=25.15;ReadPosRankSum=1.61;SOR=0.517	GT:AD:DP:GQ:PL	0/0:1000,0:1000:99:0,120,1800	1/1:1,842:843:99:23215,2504,0	1/1:115,1184:1299:99:30684,827,0
Fetal fraction is 0.177059 

chr8	86351997	.	G	A	29215.14	.	AC=2;AF=0.333;AN=6;BaseQRankSum=-1.665e+00;DP=4960;ExcessHet=0.0000;FS=0.000;MLEAC=2;MLEAF=0.333;MQ=60.00;MQRankSum=0.00;QD=26.73;ReadPosRankSum=0.946;SOR=0.199	GT:AD:DP:GQ:PL	1/1:5,1088:1093:99:29232,3108,0	0/0:1600,0:1600:99:0,120,1800	0/0:2232,0:2232:99:0,120,1800
Fetal fraction is 0 

chr8	86389403	.	T	C	16886.14	.	AC=2;AF=0.333;AN=6;DP=4606;ExcessHet=0.0000;FS=0.000;MLEAC=2;MLEAF=0.333;MQ=59.92;QD=29.01;SOR=1.102	GT:AD:DP:GQ:PL	1/1:0,582:588:99:16903,1760,0	0/0:1756,0:1756:99:0,120,1800	0/0:2217,0:2217:99:0,120,1800
Fetal fraction is 0 

chr8	124449466	.	C	T	21726.14	.	AC=2;AF=0.333;AN=6;DP=3891;ExcessHet=0.0000;FS=0.000;MLEAC=2;MLEAF=0.333;MQ=60.00;QD=27.19;SOR=0.696	GT:AD:DP:GQ:PL	1/1:0,799:799:99:21743,2393,0	0/0:1162,0:1162:99:0,120,1800	0/0:1909,0:1909:99:0,120,1800
Fetal fraction is 0 

chr8	125035788	.	G	C	30891.14	.	AC=2;AF=0.333;AN=6;BaseQRankSum=0.370;DP=5288;ExcessHet=0.0000;FS=0.000;MLEAC=2;MLEAF=0.333;MQ=60.00;MQRankSum=0.00;QD=26.91;ReadPosRankSum=0.381;SOR=0.225	GT:AD:DP:GQ:PL	1/1:1,1147:1150:99:30908,3415,0	0/0:1714,0:1714:99:0,120,1800	0/0:2385,0:2385:38:0,38,55488
Fetal fraction is 0 

chr8	139824057	.	G	A	16684.55	.	AC=2;AF=0.333;AN=6;BaseQRankSum=-4.540e+00;DP=3082;ExcessHet=0.0000;FS=3.121;MLEAC=2;MLEAF=0.333;MQ=60.00;MQRankSum=0.00;QD=27.26;ReadPosRankSum=3.43;SOR=0.166	GT:AD:DP:GQ:PL	1/1:4,608:612:99:16699,1654,0	0/0:952,0:952:99:0,120,1800	0/0:1496,0:1496:0:0,0,34274
Fetal fraction is 0 

chr9	4576680	.	T	C	62377.96	.	AC=4;AF=0.667;AN=6;BaseQRankSum=0.877;DP=3991;ExcessHet=0.0000;FS=0.000;MLEAC=4;MLEAF=0.667;MQ=60.00;MQRankSum=0.00;QD=24.82;ReadPosRankSum=0.704;SOR=0.612	GT:AD:DP:GQ:PL	0/0:1387,0:1387:99:0,120,1800	1/1:1,604:614:99:16891,1805,0	1/1:123,1785:1908:99:45506,2402,0
Fetal fraction is 0.128931 

chr9	116116626	.	C	G	10077.14	.	AC=2;AF=0.333;AN=6;BaseQRankSum=-9.087e+00;DP=4115;ExcessHet=0.0000;FS=13.855;MLEAC=2;MLEAF=0.333;MQ=60.00;MQRankSum=0.00;QD=25.01;ReadPosRankSum=5.10;SOR=0.009	GT:AD:DP:GQ:PL	1/1:15,388:404:99:10094,566,0	0/0:1400,0:1400:99:0,120,1800	0/0:2282,0:2282:99:0,120,1800
Fetal fraction is 0 

chr9	117552885	.	T	C	45369.96	.	AC=4;AF=0.667;AN=6;BaseQRankSum=0.985;DP=3381;ExcessHet=0.0000;FS=1.264;MLEAC=4;MLEAF=0.667;MQ=60.00;MQRankSum=0.00;QD=24.07;ReadPosRankSum=0.572;SOR=0.388	GT:AD:DP:GQ:PL	0/0:1408,0:1408:99:0,120,1800	1/1:1,602:605:99:16320,1782,0	1/1:96,1186:1282:99:29069,1326,0
Fetal fraction is 0.149766 

chr9	119977051	.	G	T	33556.55	.	AC=2;AF=0.333;AN=6;BaseQRankSum=0.908;DP=5155;ExcessHet=0.0000;FS=0.000;MLEAC=2;MLEAF=0.333;MQ=60.00;MQRankSum=0.00;QD=27.11;ReadPosRankSum=-7.990e-01;SOR=0.179	GT:AD:DP:GQ:PL	1/1:5,1233:1238:99:33571,3586,0	0/0:1730,0:1730:99:0,120,1800	0/0:2141,0:2141:0:0,0,49097
Fetal fraction is 0 

chr9	132501881	.	A	C	27654.55	.	AC=2;AF=0.333;AN=6;BaseQRankSum=-9.750e-01;DP=4744;ExcessHet=0.0000;FS=0.000;MLEAC=2;MLEAF=0.333;MQ=60.00;MQRankSum=0.00;QD=27.03;ReadPosRankSum=1.35;SOR=0.224	GT:AD:DP:GQ:PL	1/1:3,1020:1023:99:27669,2974,0	0/0:1477,0:1477:99:0,120,1800	0/0:2213,0:2213:0:0,0,50349
Fetal fraction is 0 

chr10	1046712	.	G	A	27916.14	.	AC=2;AF=0.333;AN=6;BaseQRankSum=0.545;DP=4748;ExcessHet=0.0000;FS=0.000;MLEAC=2;MLEAF=0.333;MQ=60.00;MQRankSum=0.00;QD=27.21;ReadPosRankSum=0.819;SOR=0.155	GT:AD:DP:GQ:PL	1/1:2,1024:1026:99:27933,3031,0	0/0:1367,0:1367:99:0,120,1800	0/0:2325,0:2325:99:0,120,1800
Fetal fraction is 0 

chr10	6188338	.	A	G	33463.55	.	AC=2;AF=0.333;AN=6;BaseQRankSum=0.652;DP=5437;ExcessHet=0.0000;FS=0.000;MLEAC=2;MLEAF=0.333;MQ=60.00;MQRankSum=0.00;QD=27.21;ReadPosRankSum=1.95;SOR=0.187	GT:AD:DP:GQ:PL	1/1:3,1227:1230:99:33478,3612,0	0/0:1818,0:1818:99:0,120,1800	0/0:2348,0:2348:0:0,0,53082
Fetal fraction is 0 

chr10	16526840	.	G	A	50698.96	.	AC=4;AF=0.667;AN=6;BaseQRankSum=2.51;DP=3360;ExcessHet=0.0000;FS=0.000;MLEAC=4;MLEAF=0.667;MQ=60.00;MQRankSum=0.00;QD=23.72;ReadPosRankSum=0.456;SOR=0.666	GT:AD:DP:GQ:PL	0/0:1157,0:1157:99:0,120,1800	1/1:2,417:419:99:11347,1203,0	1/1:156,1562:1718:99:39371,1025,0
Fetal fraction is 0.181607 

chr10	50732280	.	C	T	32778.96	.	AC=4;AF=0.667;AN=6;BaseQRankSum=0.481;DP=2686;ExcessHet=0.0000;FS=0.000;MLEAC=4;MLEAF=0.667;MQ=60.00;MQRankSum=0.00;QD=24.59;ReadPosRankSum=2.41;SOR=0.517	GT:AD:DP:GQ:PL	0/0:1272,0:1272:99:0,120,1800	1/1:2,503:505:99:14384,1428,0	1/1:68,760:830:99:18414,464,0
Fetal fraction is 0.164251 

chr10	71144702	.	G	A	85312.96	.	AC=4;AF=0.667;AN=6;BaseQRankSum=0.639;DP=4679;ExcessHet=0.0000;FS=0.000;MLEAC=4;MLEAF=0.667;MQ=60.00;MQRankSum=0.00;QD=25.92;ReadPosRankSum=0.346;SOR=0.572	GT:AD:DP:GQ:PL	0/0:1321,0:1321:99:0,120,1800	1/1:2,1274:1276:99:35676,3778,0	1/1:115,1901:2016:99:49656,2911,0
Fetal fraction is 0.114087 

chr10	118616110	.	C	T	81052.96	.	AC=4;AF=0.667;AN=6;BaseQRankSum=0.864;DP=4875;ExcessHet=0.0000;FS=0.000;MLEAC=4;MLEAF=0.667;MQ=60.00;MQRankSum=0.00;QD=24.41;ReadPosRankSum=-1.859e+00;SOR=0.630	GT:AD:DP:GQ:PL	0/0:1476,0:1476:99:0,120,1800	1/1:1,1306:1307:99:35055,3890,0	1/1:148,1865:2013:99:46017,2099,0
Fetal fraction is 0.147044 

chr10	120936701	.	G	A	50475.96	.	AC=4;AF=0.667;AN=6;BaseQRankSum=1.66;DP=3421;ExcessHet=0.0000;FS=0.000;MLEAC=4;MLEAF=0.667;MQ=60.00;MQRankSum=0.00;QD=24.78;ReadPosRankSum=0.889;SOR=0.620	GT:AD:DP:GQ:PL	0/0:1311,0:1311:99:0,120,1800	1/1:7,520:527:99:14325,1407,0	1/1:117,1393:1510:99:36170,1354,0
Fetal fraction is 0.154967 

chr11	3050210	.	A	G	32140.55	.	AC=2;AF=0.333;AN=6;BaseQRankSum=0.364;DP=5034;ExcessHet=0.0000;FS=0.000;MLEAC=2;MLEAF=0.333;MQ=60.00;MQRankSum=0.00;QD=27.17;ReadPosRankSum=0.538;SOR=0.286	GT:AD:DP:GQ:PL	1/1:1,1182:1184:99:32155,3520,0	0/0:1679,0:1679:99:0,120,1800	0/0:2139,0:2139:0:0,0,41146
Fetal fraction is 0 

chr11	20139632	.	G	C	23902.55	.	AC=2;AF=0.333;AN=6;BaseQRankSum=0.618;DP=4587;ExcessHet=0.0000;FS=0.000;MLEAC=2;MLEAF=0.333;MQ=60.00;MQRankSum=0.00;QD=27.66;ReadPosRankSum=0.432;SOR=0.718	GT:AD:DP:GQ:PL	1/1:2,862:866:99:23917,2541,0	0/0:1372,0:1372:99:0,120,1800	0/0:2329,0:2329:0:0,0,53765
Fetal fraction is 0 

chr11	26656563	.	C	T	41283.96	.	AC=4;AF=0.667;AN=6;BaseQRankSum=-4.309e+00;DP=2755;ExcessHet=0.0000;FS=0.000;MLEAC=4;MLEAF=0.667;MQ=60.00;MQRankSum=0.00;QD=25.52;ReadPosRankSum=2.23;SOR=0.601	GT:AD:DP:GQ:PL	0/0:1076,0:1076:99:0,120,1800	1/1:0,852:852:99:23161,2553,0	1/1:40,726:766:99:18142,1110,0
Fetal fraction is 0.104439 

chr11	45249314	.	T	C	39571.96	.	AC=4;AF=0.667;AN=6;BaseQRankSum=0.517;DP=3083;ExcessHet=0.0000;FS=0.000;MLEAC=4;MLEAF=0.667;MQ=60.00;MQRankSum=0.00;QD=25.17;ReadPosRankSum=-8.360e-01;SOR=0.460	GT:AD:DP:GQ:PL	0/0:1408,0:1408:99:0,120,1800	1/1:0,613:614:99:17464,1852,0	1/1:64,895:963:99:22127,1080,0
Fetal fraction is 0.133472 

chr11	65351074	.	G	A	23939.14	.	AC=2;AF=0.333;AN=6;BaseQRankSum=-5.910e-01;DP=3931;ExcessHet=0.0000;FS=0.000;MLEAC=2;MLEAF=0.333;MQ=59.96;MQRankSum=18.93;QD=26.63;ReadPosRankSum=-3.790e-01;SOR=0.450	GT:AD:DP:GQ:PL	1/1:5,894:899:99:23956,2557,0	0/0:1177,0:1177:99:0,120,1800	0/0:1826,0:1826:99:0,120,1800
Fetal fraction is 0 

chr11	73669334	.	A	C	14382.54	.	AC=2;AF=0.333;AN=6;DP=4222;ExcessHet=0.0000;FS=0.000;MLEAC=2;MLEAF=0.333;MQ=60.00;QD=29.35;SOR=0.937	GT:AD:DP:GQ:PL	1/1:0,490:492:99:14397,1478,0	0/0:1507,0:1507:99:0,120,1800	0/0:2199,0:2199:0:0,0,49660
Fetal fraction is 0 

chr11	73670645	.	T	C	31561.55	.	AC=2;AF=0.333;AN=6;BaseQRankSum=0.586;DP=5345;ExcessHet=0.0000;FS=0.000;MLEAC=2;MLEAF=0.333;MQ=60.00;MQRankSum=0.00;QD=26.63;ReadPosRankSum=1.17;SOR=0.375	GT:AD:DP:GQ:PL	1/1:3,1182:1186:99:31576,3478,0	0/0:1845,0:1845:99:0,120,1800	0/0:2277,0:2277:0:0,0,50484
Fetal fraction is 0 

chr11	73785326	.	T	C	33407.55	.	AC=2;AF=0.333;AN=6;BaseQRankSum=0.501;DP=5033;ExcessHet=0.0000;FS=0.000;MLEAC=2;MLEAF=0.333;MQ=60.00;MQRankSum=0.00;QD=26.79;ReadPosRankSum=-2.410e-01;SOR=0.411	GT:AD:DP:GQ:PL	1/1:6,1241:1247:99:33422,3591,0	0/0:1616,0:1616:99:0,120,1800	0/0:2133,0:2133:0:0,0,48914
Fetal fraction is 0 

chr11	73789777	.	T	G	8079.55	.	AC=2;AF=0.333;AN=6;BaseQRankSum=0.335;DP=3181;ExcessHet=0.0000;FS=3.327;MLEAC=2;MLEAF=0.333;MQ=60.00;MQRankSum=0.00;QD=27.02;ReadPosRankSum=1.33;SOR=0.465	GT:AD:DP:GQ:PL	1/1:1,298:299:99:8094,871,0	0/0:1096,0:1096:99:0,120,1800	0/0:1765,0:1765:0:0,0,42215
Fetal fraction is 0 

chr11	76853783	.	T	C	44197.96	.	AC=4;AF=0.667;AN=6;BaseQRankSum=2.87;DP=3570;ExcessHet=0.0000;FS=0.000;MLEAC=4;MLEAF=0.667;MQ=60.00;MQRankSum=0.00;QD=31.48;ReadPosRankSum=1.19;SOR=0.847	GT:AD:DP:GQ:PL	0/0:1772,0:1772:99:0,120,1800	1/1:2,399:415:99:19657,2084,0	1/1:69,934:1007:99:24560,1149,0
Fetal fraction is 0.137587 

chr11	78498022	.	C	T	35912.14	.	AC=2;AF=0.333;AN=6;DP=5308;ExcessHet=0.0000;FS=0.000;MLEAC=2;MLEAF=0.333;MQ=60.00;QD=27.43;SOR=0.732	GT:AD:DP:GQ:PL	1/1:0,1309:1309:99:35929,3924,0	0/0:1722,0:1722:99:0,120,1800	0/0:2245,0:2245:99:0,120,1800
Fetal fraction is 0 

chr11	113133676	.	T	G	23978.55	.	AC=2;AF=0.333;AN=6;BaseQRankSum=2.19;DP=4154;ExcessHet=0.0000;FS=0.000;MLEAC=2;MLEAF=0.333;MQ=60.00;MQRankSum=0.00;QD=27.47;ReadPosRankSum=1.57;SOR=0.106	GT:AD:DP:GQ:PL	1/1:2,871:875:99:23993,2580,0	0/0:1207,0:1207:99:0,120,1800	0/0:2033,0:2033:0:0,0,44185
Fetal fraction is 0 

chr11	129775599	.	C	T	51561.96	.	AC=4;AF=0.667;AN=6;BaseQRankSum=2.94;DP=3339;ExcessHet=0.0000;FS=0.000;MLEAC=4;MLEAF=0.667;MQ=60.00;MQRankSum=0.00;QD=26.55;ReadPosRankSum=1.21;SOR=0.652	GT:AD:DP:GQ:PL	0/0:1320,0:1320:99:0,120,1800	1/1:2,1063:1065:99:28553,3160,0	1/1:11,866:877:99:23028,2307,0
Fetal fraction is 0.0250856 

chr12	12240199	.	C	T	57425.96	.	AC=4;AF=0.667;AN=6;BaseQRankSum=0.183;DP=3792;ExcessHet=0.0000;FS=0.000;MLEAC=4;MLEAF=0.667;MQ=60.00;MQRankSum=0.00;QD=23.84;ReadPosRankSum=2.95;SOR=0.708	GT:AD:DP:GQ:PL	0/0:1294,0:1294:99:0,120,1800	1/1:3,520:523:99:14247,1433,0	1/1:153,1733:1886:99:43198,1461,0
Fetal fraction is 0.162248 

chr12	52943144	.	G	A	14550.14	.	AC=2;AF=0.333;AN=6;BaseQRankSum=0.456;DP=4554;ExcessHet=0.0000;FS=0.000;MLEAC=2;MLEAF=0.333;MQ=60.00;MQRankSum=0.00;QD=26.94;ReadPosRankSum=-1.065e+00;SOR=0.136	GT:AD:DP:GQ:PL	1/1:2,538:540:99:14567,1569,0	0/0:1606,0:1606:99:0,120,1800	0/0:2368,0:2368:99:0,120,1800
Fetal fraction is 0 

chr12	53069014	.	T	C	26888.55	.	AC=2;AF=0.333;AN=6;BaseQRankSum=-1.604e+00;DP=4506;ExcessHet=0.0000;FS=3.121;MLEAC=2;MLEAF=0.333;MQ=60.00;MQRankSum=0.00;QD=26.89;ReadPosRankSum=3.77;SOR=0.149	GT:AD:DP:GQ:PL	1/1:5,995:1000:99:26903,2832,0	0/0:1397,0:1397:99:0,120,1800	0/0:2071,0:2071:0:0,0,50091
Fetal fraction is 0 

chr12	53088484	.	C	T	15733.14	.	AC=2;AF=0.333;AN=6;DP=4317;ExcessHet=0.0000;FS=0.000;MLEAC=2;MLEAF=0.333;MQ=60.00;QD=28.76;SOR=1.041	GT:AD:DP:GQ:PL	1/1:0,547:551:99:15750,1644,0	0/0:1342,0:1342:99:0,120,1800	0/0:2403,0:2403:99:0,120,1800
Fetal fraction is 0 

chr12	94972290	.	C	T	57123.96	.	AC=4;AF=0.667;AN=6;BaseQRankSum=-8.157e+00;DP=4142;ExcessHet=0.0000;FS=6.841;MLEAC=4;MLEAF=0.667;MQ=60.00;MQRankSum=0.00;QD=24.60;ReadPosRankSum=5.05;SOR=0.233	GT:AD:DP:GQ:PL	0/0:1718,0:1718:99:0,120,1800	1/1:12,1377:1389:99:36261,3622,0	1/1:67,866:933:99:20882,555,0
Fetal fraction is 0.143623 

chr12	105418294	.	G	A	29793.14	.	AC=2;AF=0.333;AN=6;DP=5203;ExcessHet=0.0000;FS=0.000;MLEAC=2;MLEAF=0.333;MQ=60.00;QD=27.06;SOR=0.721	GT:AD:DP:GQ:PL	1/1:0,1101:1101:99:29810,3294,0	0/0:1643,0:1643:99:0,120,1800	0/0:2429,0:2429:99:0,120,1800
Fetal fraction is 0 

chr12	109338835	.	C	T	25329.55	.	AC=2;AF=0.333;AN=6;DP=4108;ExcessHet=0.0000;FS=0.000;MLEAC=2;MLEAF=0.333;MQ=60.00;QD=26.66;SOR=0.749	GT:AD:DP:GQ:PL	1/1:0,950:950:99:25344,2844,0	0/0:1293,0:1293:99:0,120,1800	0/0:1833,0:1833:0:0,0,42443
Fetal fraction is 0 

chr12	112130708	.	A	G	79504.96	.	AC=4;AF=0.667;AN=6;BaseQRankSum=2.00;DP=4653;ExcessHet=0.0000;FS=0.000;MLEAC=4;MLEAF=0.667;MQ=60.00;MQRankSum=0.00;QD=25.53;ReadPosRankSum=1.78;SOR=0.687	GT:AD:DP:GQ:PL	0/0:1443,0:1443:99:0,120,1800	1/1:3,1420:1423:99:38926,4170,0	1/1:147,1544:1691:99:40598,1042,0
Fetal fraction is 0.173862 

chr12	112191641	.	G	A	47157.96	.	AC=4;AF=0.667;AN=6;BaseQRankSum=0.351;DP=3389;ExcessHet=0.0000;FS=4.334;MLEAC=4;MLEAF=0.667;MQ=60.00;MQRankSum=0.00;QD=25.63;ReadPosRankSum=0.187;SOR=0.254	GT:AD:DP:GQ:PL	0/0:1481,0:1481:99:0,120,1800	1/1:1,1184:1185:99:32328,3523,0	1/1:57,598:659:99:14849,367,0
Fetal fraction is 0.174046 

chr12	113319600	.	C	T	13125.54	.	AC=2;AF=0.333;AN=6;BaseQRankSum=-4.501e+00;DP=4404;ExcessHet=0.0000;FS=0.000;MLEAC=2;MLEAF=0.333;MQ=60.00;MQRankSum=0.00;QD=27.52;ReadPosRankSum=2.80;SOR=0.073	GT:AD:DP:GQ:PL	1/1:3,474:477:99:13140,1209,0	0/0:1566,0:1566:99:0,120,1800	0/0:2324,0:2324:0:0,0,56860
Fetal fraction is 0 

chr12	113325629	.	T	C	13909.55	.	AC=2;AF=0.333;AN=6;BaseQRankSum=0.289;DP=4610;ExcessHet=0.0000;FS=0.000;MLEAC=2;MLEAF=0.333;MQ=60.00;MQRankSum=0.00;QD=28.04;ReadPosRankSum=1.62;SOR=0.228	GT:AD:DP:GQ:PL	1/1:1,495:496:99:13924,1461,0	0/0:1728,0:1728:99:0,120,1800	0/0:2359,0:2359:0:0,0,52150
Fetal fraction is 0 

chr12	118020115	.	G	A	31355.14	.	AC=2;AF=0.333;AN=6;BaseQRankSum=0.359;DP=5250;ExcessHet=0.0000;FS=0.000;MLEAC=2;MLEAF=0.333;MQ=60.00;MQRankSum=0.00;QD=27.01;ReadPosRankSum=1.03;SOR=0.251	GT:AD:DP:GQ:PL	1/1:1,1160:1161:99:31372,3452,0	0/0:1579,0:1579:99:0,120,1800	0/0:2472,0:2472:99:0,120,1800
Fetal fraction is 0 

chr13	101264633	.	C	T	28487.14	.	AC=2;AF=0.333;AN=6;DP=4956;ExcessHet=0.0000;FS=0.000;MLEAC=2;MLEAF=0.333;MQ=60.00;QD=26.55;SOR=0.719	GT:AD:DP:GQ:PL	1/1:0,1073:1076:99:28504,3207,0	0/0:1484,0:1484:99:0,120,1800	0/0:2361,0:2361:99:0,120,1800
Fetal fraction is 0 

chr13	113801737	.	C	T	27210.55	.	AC=2;AF=0.333;AN=6;BaseQRankSum=-3.255e+00;DP=4786;ExcessHet=0.0000;FS=0.000;MLEAC=2;MLEAF=0.333;MQ=60.00;MQRankSum=0.00;QD=27.32;ReadPosRankSum=2.39;SOR=0.109	GT:AD:DP:GQ:PL	1/1:2,994:996:99:27225,2891,0	0/0:1570,0:1570:99:0,120,1800	0/0:2196,0:2196:0:0,0,47474
Fetal fraction is 0 

chr14	21796784	.	G	C	22566.55	.	AC=2;AF=0.333;AN=6;BaseQRankSum=0.507;DP=3772;ExcessHet=0.0000;FS=0.000;MLEAC=2;MLEAF=0.333;MQ=60.00;MQRankSum=0.00;QD=26.67;ReadPosRankSum=-3.040e-01;SOR=0.112	GT:AD:DP:GQ:PL	1/1:2,844:846:99:22581,2485,0	0/0:1143,0:1143:99:0,120,1800	0/0:1767,0:1767:0:0,0,40900
Fetal fraction is 0 

chr14	67671701	.	C	T	25348.96	.	AC=4;AF=0.667;AN=6;BaseQRankSum=-1.690e+00;DP=2142;ExcessHet=0.0000;FS=0.000;MLEAC=4;MLEAF=0.667;MQ=60.00;MQRankSum=0.00;QD=24.59;ReadPosRankSum=3.71;SOR=0.559	GT:AD:DP:GQ:PL	0/0:1031,0:1031:99:0,120,1800	1/1:2,382:387:99:10900,1107,0	1/1:44,603:651:99:14468,497,0
Fetal fraction is 0.136012 

chr14	73958812	.	T	C	61100.96	.	AC=4;AF=0.667;AN=6;BaseQRankSum=1.37;DP=4063;ExcessHet=0.0000;FS=0.000;MLEAC=4;MLEAF=0.667;MQ=60.00;MQRankSum=0.00;QD=26.59;ReadPosRankSum=5.03;SOR=0.597	GT:AD:DP:GQ:PL	0/0:1645,0:1645:99:0,120,1800	1/1:13,702:719:99:19855,1615,0	1/1:110,1473:1585:99:41265,1563,0
Fetal fraction is 0.138977 

chr14	74404756	.	T	C	54936.96	.	AC=4;AF=0.667;AN=6;BaseQRankSum=1.40;DP=3349;ExcessHet=0.0000;FS=0.000;MLEAC=4;MLEAF=0.667;MQ=60.00;MQRankSum=0.00;QD=23.61;ReadPosRankSum=-1.187e+00;SOR=0.694	GT:AD:DP:GQ:PL	0/0:972,0:972:99:0,120,1800	1/1:0,805:805:99:21590,2406,0	1/1:147,1375:1527:99:33366,711,0
Fetal fraction is 0.193167 

chr14	74454813	.	C	A	12948.14	.	AC=2;AF=0.333;AN=6;BaseQRankSum=0.530;DP=4044;ExcessHet=0.0000;FS=0.000;MLEAC=2;MLEAF=0.333;MQ=60.00;MQRankSum=0.00;QD=26.75;ReadPosRankSum=1.26;SOR=0.494	GT:AD:DP:GQ:PL	1/1:3,481:487:99:12965,1330,0	0/0:1440,0:1440:99:0,120,1800	0/0:2080,0:2080:99:0,120,1800
Fetal fraction is 0 

chr14	75359670	.	G	A	40973.96	.	AC=4;AF=0.667;AN=6;BaseQRankSum=0.169;DP=3114;ExcessHet=0.0000;FS=0.000;MLEAC=4;MLEAF=0.667;MQ=59.82;MQRankSum=0.00;QD=27.14;ReadPosRankSum=2.53;SOR=1.027	GT:AD:DP:GQ:PL	0/0:1391,0:1391:99:0,120,1800	1/1:1,616:617:99:17321,1820,0	1/1:39,854:897:99:23672,1629,0
Fetal fraction is 0.087346 

chr14	75365062	.	A	G	46941.96	.	AC=4;AF=0.667;AN=6;BaseQRankSum=0.440;DP=2940;ExcessHet=0.0000;FS=1.652;MLEAC=4;MLEAF=0.667;MQ=59.97;MQRankSum=-5.600e-01;QD=25.13;ReadPosRankSum=-6.250e-01;SOR=0.213	GT:AD:DP:GQ:PL	0/0:1003,0:1003:99:0,120,1800	1/1:0,992:993:99:27042,2977,0	1/1:64,812:877:99:19919,853,0
Fetal fraction is 0.146119 

chr14	75367740	.	G	A	48671.96	.	AC=4;AF=0.667;AN=6;BaseQRankSum=1.49;DP=2747;ExcessHet=0.0000;FS=0.000;MLEAC=4;MLEAF=0.667;MQ=59.98;MQRankSum=0.00;QD=25.21;ReadPosRankSum=-6.860e-01;SOR=0.753	GT:AD:DP:GQ:PL	0/0:777,0:777:99:0,120,1800	1/1:0,720:722:99:19389,2154,0	1/1:87,1124:1211:99:29302,1291,0
Fetal fraction is 0.143683 

chr14	76330181	.	G	A	52265.96	.	AC=4;AF=0.667;AN=6;BaseQRankSum=0.469;DP=3061;ExcessHet=0.0000;FS=0.000;MLEAC=4;MLEAF=0.667;MQ=60.00;MQRankSum=0.00;QD=24.58;ReadPosRankSum=-5.910e-01;SOR=0.598	GT:AD:DP:GQ:PL	0/0:848,0:848:99:0,120,1800	1/1:2,757:759:99:20271,2223,0	1/1:116,1251:1367:99:32014,843,0
Fetal fraction is 0.169715 

chr14	101350298	.	T	C	35468.55	.	AC=2;AF=0.333;AN=6;BaseQRankSum=-3.378e+00;DP=5628;ExcessHet=0.0000;FS=0.000;MLEAC=2;MLEAF=0.333;MQ=60.00;MQRankSum=0.00;QD=27.12;ReadPosRankSum=2.97;SOR=0.043	GT:AD:DP:GQ:PL	1/1:4,1304:1308:99:35483,3769,0	0/0:1885,0:1885:99:0,120,1800	0/0:2370,0:2370:0:0,0,53877
Fetal fraction is 0 

chr14	105211221	.	C	T	85921.96	.	AC=4;AF=0.667;AN=6;BaseQRankSum=1.21;DP=4980;ExcessHet=0.0000;FS=0.000;MLEAC=4;MLEAF=0.667;MQ=60.00;MQRankSum=0.00;QD=25.32;ReadPosRankSum=2.42;SOR=0.703	GT:AD:DP:GQ:PL	0/0:1493,0:1493:99:0,120,1800	1/1:2,1216:1218:99:33049,3559,0	1/1:154,2022:2176:99:52892,2242,0
Fetal fraction is 0.141544 

chr15	39880358	.	C	T	28900.55	.	AC=2;AF=0.333;AN=6;BaseQRankSum=-2.610e+00;DP=4917;ExcessHet=0.0000;FS=0.000;MLEAC=2;MLEAF=0.333;MQ=60.00;MQRankSum=0.00;QD=26.88;ReadPosRankSum=1.25;SOR=0.166	GT:AD:DP:GQ:PL	1/1:3,1072:1075:99:28915,3104,0	0/0:1598,0:1598:99:0,120,1800	0/0:2220,0:2220:0:0,0,50923
Fetal fraction is 0 

chr15	75305040	.	A	G	70683.96	.	AC=4;AF=0.667;AN=6;BaseQRankSum=0.423;DP=4296;ExcessHet=0.0000;FS=0.000;MLEAC=4;MLEAF=0.667;MQ=60.00;MQRankSum=0.00;QD=26.01;ReadPosRankSum=1.21;SOR=0.573	GT:AD:DP:GQ:PL	0/0:1518,0:1518:99:0,120,1800	1/1:4,1344:1348:99:36264,3897,0	1/1:104,1266:1370:99:34439,1085,0
Fetal fraction is 0.151825 

chr16	17294295	.	C	T	52583.96	.	AC=4;AF=0.667;AN=6;BaseQRankSum=-2.880e+00;DP=3325;ExcessHet=0.0000;FS=1.430;MLEAC=4;MLEAF=0.667;MQ=60.00;MQRankSum=0.00;QD=25.83;ReadPosRankSum=1.91;SOR=0.562	GT:AD:DP:GQ:PL	0/0:1202,0:1202:99:0,120,1800	1/1:1,527:531:99:14993,1550,0	1/1:85,1423:1509:99:37610,1960,0
Fetal fraction is 0.112732 

chr16	21217061	.	G	A	24976.14	.	AC=2;AF=0.333;AN=6;BaseQRankSum=0.369;DP=4332;ExcessHet=0.0000;FS=0.000;MLEAC=2;MLEAF=0.333;MQ=60.00;MQRankSum=0.00;QD=26.86;ReadPosRankSum=1.29;SOR=0.251	GT:AD:DP:GQ:PL	1/1:1,929:930:99:24993,2761,0	0/0:1363,0:1363:99:0,120,1800	0/0:2008,0:2008:99:0,120,1800
Fetal fraction is 0 

chr16	23692405	.	A	G	55143.96	.	AC=4;AF=0.667;AN=6;BaseQRankSum=1.98;DP=3759;ExcessHet=0.0000;FS=1.179;MLEAC=4;MLEAF=0.667;MQ=60.00;MQRankSum=0.00;QD=25.00;ReadPosRankSum=-2.820e-01;SOR=0.748	GT:AD:DP:GQ:PL	0/0:1456,0:1456:99:0,120,1800	1/1:0,617:625:99:17416,1850,0	1/1:133,1456:1589:99:37747,1128,0
Fetal fraction is 0.167401 

chr16	23712448	.	G	T	45666.96	.	AC=4;AF=0.667;AN=6;BaseQRankSum=1.23;DP=3085;ExcessHet=0.0000;FS=0.000;MLEAC=4;MLEAF=0.667;MQ=59.99;MQRankSum=0.00;QD=25.61;ReadPosRankSum=2.65;SOR=0.497	GT:AD:DP:GQ:PL	0/0:1216,0:1216:99:0,120,1800	1/1:4,1150:1156:99:31138,3316,0	1/1:47,582:629:99:14548,646,0
Fetal fraction is 0.149444 

chr16	24578458	.	T	C	45270.96	.	AC=4;AF=0.667;AN=6;BaseQRankSum=1.73;DP=2574;ExcessHet=0.0000;FS=0.000;MLEAC=4;MLEAF=0.667;MQ=60.00;MQRankSum=0.00;QD=24.72;ReadPosRankSum=-4.970e-01;SOR=0.639	GT:AD:DP:GQ:PL	0/0:680,0:680:99:0,120,1800	1/1:0,637:637:99:17218,1908,0	1/1:90,1104:1194:99:28072,1210,0
Fetal fraction is 0.150754 

chr16	55361493	.	C	T	26408.14	.	AC=2;AF=0.333;AN=6;BaseQRankSum=0.351;DP=4572;ExcessHet=0.0000;FS=0.000;MLEAC=2;MLEAF=0.333;MQ=60.00;MQRankSum=0.00;QD=26.86;ReadPosRankSum=1.23;SOR=0.231	GT:AD:DP:GQ:PL	1/1:1,982:983:99:26425,2918,0	0/0:1502,0:1502:99:0,120,1800	0/0:2063,0:2063:99:0,120,1800
Fetal fraction is 0 

chr16	57060967	.	G	A	66738.96	.	AC=4;AF=0.667;AN=6;BaseQRankSum=0.919;DP=3778;ExcessHet=0.0000;FS=0.000;MLEAC=4;MLEAF=0.667;MQ=60.00;MQRankSum=0.00;QD=24.37;ReadPosRankSum=1.51;SOR=0.677	GT:AD:DP:GQ:PL	0/0:990,0:990:99:0,120,1800	1/1:4,915:919:99:24913,2630,0	1/1:154,1666:1820:99:41845,1274,0
Fetal fraction is 0.169231 

chr16	57068106	.	A	G	88077.96	.	AC=4;AF=0.667;AN=6;BaseQRankSum=1.33;DP=4123;ExcessHet=0.0000;FS=0.000;MLEAC=4;MLEAF=0.667;MQ=60.00;MQRankSum=0.00;QD=26.00;ReadPosRankSum=1.03;SOR=0.791	GT:AD:DP:GQ:PL	0/0:1677,0:1677:99:0,120,1800	1/1:0,1460:1460:99:65586,4399,0	1/1:59,837:900:99:22511,135,0
Fetal fraction is 0.131696 

chr16	68716179	.	T	C	13959.55	.	AC=2;AF=0.333;AN=6;BaseQRankSum=-1.229e+00;DP=4444;ExcessHet=0.0000;FS=0.000;MLEAC=2;MLEAF=0.333;MQ=60.00;MQRankSum=0.00;QD=26.95;ReadPosRankSum=1.61;SOR=0.405	GT:AD:DP:GQ:PL	1/1:3,515:518:99:13974,1480,0	0/0:1631,0:1631:99:0,120,1800	0/0:2259,0:2259:0:0,0,51819
Fetal fraction is 0 

chr16	68718750	.	A	G	25196.55	.	AC=2;AF=0.333;AN=6;DP=4160;ExcessHet=0.0000;FS=0.000;MLEAC=2;MLEAF=0.333;MQ=60.00;QD=27.01;SOR=0.766	GT:AD:DP:GQ:PL	1/1:0,933:933:99:25211,2797,0	0/0:1308,0:1308:99:0,120,1800	0/0:1892,0:1892:0:0,0,38875
Fetal fraction is 0 

chr16	68721470	.	T	C	33766.55	.	AC=2;AF=0.333;AN=6;DP=5522;ExcessHet=0.0000;FS=0.000;MLEAC=2;MLEAF=0.333;MQ=60.00;QD=27.65;SOR=0.718	GT:AD:DP:GQ:PL	1/1:0,1221:1223:99:33781,3662,0	0/0:1723,0:1723:99:0,120,1800	0/0:2549,0:2549:0:0,0,55279
Fetal fraction is 0 

chr16	68725783	.	G	A	17500.55	.	AC=2;AF=0.333;AN=6;BaseQRankSum=-1.908e+00;DP=4927;ExcessHet=0.0000;FS=0.000;MLEAC=2;MLEAF=0.333;MQ=60.00;MQRankSum=0.00;QD=28.18;ReadPosRankSum=0.276;SOR=0.442	GT:AD:DP:GQ:PL	1/1:2,619:621:99:17515,1803,0	0/0:1803,0:1803:99:0,120,1800	0/0:2462,0:2462:0:0,0,56017
Fetal fraction is 0 

chr16	68729112	.	A	G	13788.14	.	AC=2;AF=0.333;AN=6;BaseQRankSum=0.310;DP=4673;ExcessHet=0.0000;FS=0.000;MLEAC=2;MLEAF=0.333;MQ=60.00;MQRankSum=0.00;QD=27.58;ReadPosRankSum=1.08;SOR=0.240	GT:AD:DP:GQ:PL	1/1:1,499:501:99:13805,1393,0	0/0:1487,0:1487:99:0,120,1800	0/0:2650,0:2650:99:0,120,1800
Fetal fraction is 0 

chr16	68729785	.	C	A	14679.55	.	AC=2;AF=0.333;AN=6;BaseQRankSum=-3.889e+00;DP=4687;ExcessHet=0.0000;FS=0.000;MLEAC=2;MLEAF=0.333;MQ=60.00;MQRankSum=0.00;QD=26.64;ReadPosRankSum=2.25;SOR=0.111	GT:AD:DP:GQ:PL	1/1:2,549:551:99:14694,1559,0	0/0:1746,0:1746:99:0,120,1800	0/0:2350,0:2350:0:0,0,53838
Fetal fraction is 0 

chr16	72991286	.	C	T	21717.55	.	AC=2;AF=0.333;AN=6;BaseQRankSum=0.241;DP=4267;ExcessHet=0.0000;FS=0.000;MLEAC=2;MLEAF=0.333;MQ=60.00;MQRankSum=0.00;QD=26.29;ReadPosRankSum=1.51;SOR=0.247	GT:AD:DP:GQ:PL	1/1:1,825:827:99:21732,2439,0	0/0:1365,0:1365:99:0,120,1800	0/0:2041,0:2041:0:0,0,44899
Fetal fraction is 0 

chr16	84888310	.	C	T	46962.14	.	AC=2;AF=0.333;AN=6;BaseQRankSum=0.324;DP=4763;ExcessHet=0.0000;FS=0.000;MLEAC=2;MLEAF=0.333;MQ=60.00;MQRankSum=0.00;QD=30.02;ReadPosRankSum=0.540;SOR=0.740	GT:AD:DP:GQ:PL	1/1:2,1101:1103:99:46979,3231,0	0/0:1436,0:1436:99:0,120,1800	0/0:2198,0:2198:99:0,120,1800
Fetal fraction is 0 

chr17	986742	.	A	G	59776.96	.	AC=4;AF=0.667;AN=6;BaseQRankSum=3.78;DP=3854;ExcessHet=0.0000;FS=0.000;MLEAC=4;MLEAF=0.667;MQ=60.00;MQRankSum=0.00;QD=24.15;ReadPosRankSum=3.76;SOR=0.689	GT:AD:DP:GQ:PL	0/0:1273,0:1273:99:0,120,1800	1/1:6,569:577:99:15943,1529,0	1/1:154,1746:1900:99:43853,1776,0
Fetal fraction is 0.162105 

chr17	7217463	.	T	C	61516.96	.	AC=4;AF=0.667;AN=6;BaseQRankSum=1.45;DP=3674;ExcessHet=0.0000;FS=0.000;MLEAC=4;MLEAF=0.667;MQ=59.92;MQRankSum=-1.360e-01;QD=25.53;ReadPosRankSum=0.382;SOR=0.605	GT:AD:DP:GQ:PL	0/0:1203,0:1203:99:0,120,1800	1/1:2,1196:1198:99:32418,3539,0	1/1:99,1113:1212:99:29118,880,0
Fetal fraction is 0.163366 

chr17	27382061	.	C	A	18971.55	.	AC=2;AF=0.333;AN=6;DP=5474;ExcessHet=0.0000;FS=0.000;MLEAC=2;MLEAF=0.333;MQ=60.00;QD=27.90;SOR=0.838	GT:AD:DP:GQ:PL	1/1:0,680:680:99:18986,2037,0	0/0:2101,0:2101:99:0,120,1800	0/0:2648,0:2648:0:0,0,58426
Fetal fraction is 0 

chr17	32583269	.	T	C	48488.96	.	AC=4;AF=0.667;AN=6;BaseQRankSum=2.02;DP=2620;ExcessHet=0.0000;FS=0.000;MLEAC=4;MLEAF=0.667;MQ=60.00;MQRankSum=0.00;QD=25.06;ReadPosRankSum=-3.030e-01;SOR=0.654	GT:AD:DP:GQ:PL	0/0:660,0:660:99:0,120,1800	1/1:0,710:710:99:19287,2127,0	1/1:89,1136:1225:99:29221,1289,0
Fetal fraction is 0.145306 

chr17	70120551	.	A	C	20447.55	.	AC=2;AF=0.333;AN=6;DP=3895;ExcessHet=0.0000;FS=0.000;MLEAC=2;MLEAF=0.333;MQ=60.00;QD=26.45;SOR=0.722	GT:AD:DP:GQ:PL	1/1:0,773:773:99:20462,2315,0	0/0:1234,0:1234:99:0,120,1800	0/0:1869,0:1869:0:0,0,38693
Fetal fraction is 0 

chr17	72784932	.	G	A	69047.96	.	AC=4;AF=0.667;AN=6;BaseQRankSum=0.371;DP=4221;ExcessHet=0.0000;FS=1.271;MLEAC=4;MLEAF=0.667;MQ=60.00;MQRankSum=0.00;QD=24.94;ReadPosRankSum=1.48;SOR=0.691	GT:AD:DP:GQ:PL	0/0:1357,0:1357:99:0,120,1800	1/1:1,1296:1297:99:35247,3880,0	1/1:137,1335:1472:99:33820,503,0
Fetal fraction is 0.186141 

chr17	72927123	.	G	T	42730.96	.	AC=4;AF=0.667;AN=6;BaseQRankSum=2.00;DP=3238;ExcessHet=0.0000;FS=0.000;MLEAC=4;MLEAF=0.667;MQ=60.00;MQRankSum=0.00;QD=24.25;ReadPosRankSum=0.758;SOR=0.535	GT:AD:DP:GQ:PL	0/0:1379,0:1379:99:0,120,1800	1/1:2,628:630:99:17318,1841,0	1/1:76,1056:1132:99:25432,1337,0
Fetal fraction is 0.134276 

chr17	76394449	.	C	T	76284.96	.	AC=4;AF=0.667;AN=6;BaseQRankSum=0.845;DP=4433;ExcessHet=0.0000;FS=0.000;MLEAC=4;MLEAF=0.667;MQ=60.00;MQRankSum=0.00;QD=24.65;ReadPosRankSum=1.68;SOR=0.644	GT:AD:DP:GQ:PL	0/0:1289,0:1289:99:0,120,1800	1/1:1,1180:1181:99:31562,3492,0	1/1:137,1777:1914:99:44742,2075,0
Fetal fraction is 0.143156 

chr17	76396963	.	A	G	59165.96	.	AC=4;AF=0.667;AN=6;BaseQRankSum=3.01;DP=3737;ExcessHet=0.0000;FS=0.000;MLEAC=4;MLEAF=0.667;MQ=60.00;MQRankSum=0.00;QD=25.44;ReadPosRankSum=0.560;SOR=0.714	GT:AD:DP:GQ:PL	0/0:1315,0:1315:99:0,120,1800	1/1:3,583:591:99:16778,1720,0	1/1:124,1616:1740:99:42407,1922,0
Fetal fraction is 0.142529 

chr17	76506607	.	G	A	46986.96	.	AC=4;AF=0.667;AN=6;BaseQRankSum=0.765;DP=3076;ExcessHet=0.0000;FS=0.000;MLEAC=4;MLEAF=0.667;MQ=59.99;MQRankSum=0.00;QD=25.52;ReadPosRankSum=0.193;SOR=0.389	GT:AD:DP:GQ:PL	0/0:1152,0:1152:99:0,120,1800	1/1:4,959:963:99:26055,2786,0	1/1:54,824:880:99:20951,1246,0
Fetal fraction is 0.123007 

chr17	80890638	.	T	C	57365.96	.	AC=4;AF=0.667;AN=6;BaseQRankSum=2.78;DP=3464;ExcessHet=0.0000;FS=1.285;MLEAC=4;MLEAF=0.667;MQ=60.00;MQRankSum=0.00;QD=25.09;ReadPosRankSum=-6.760e-01;SOR=0.704	GT:AD:DP:GQ:PL	0/0:1095,0:1095:99:0,120,1800	1/1:0,984:985:99:26671,2949,0	1/1:113,1189:1302:99:30714,878,0
Fetal fraction is 0.173579 

chr17	81006387	.	G	A	63986.96	.	AC=4;AF=0.667;AN=6;BaseQRankSum=1.45;DP=3826;ExcessHet=0.0000;FS=0.000;MLEAC=4;MLEAF=0.667;MQ=60.00;MQRankSum=0.00;QD=24.21;ReadPosRankSum=1.76;SOR=0.676	GT:AD:DP:GQ:PL	0/0:1100,0:1100:99:0,120,1800	1/1:5,1065:1070:99:28088,3014,0	1/1:123,1450:1573:99:35918,1441,0
Fetal fraction is 0.156389 

chr18	618124	.	T	C	19148.55	.	AC=2;AF=0.333;AN=6;BaseQRankSum=0.315;DP=3601;ExcessHet=0.0000;FS=0.000;MLEAC=2;MLEAF=0.333;MQ=60.00;MQRankSum=0.00;QD=26.60;ReadPosRankSum=1.17;SOR=0.255	GT:AD:DP:GQ:PL	1/1:1,719:720:99:19163,2130,0	0/0:1065,0:1065:99:0,120,1800	0/0:1793,0:1793:0:0,0,39233
Fetal fraction is 0 

chr18	12429313	.	C	T	78937.96	.	AC=4;AF=0.667;AN=6;BaseQRankSum=1.28;DP=4704;ExcessHet=0.0000;FS=0.000;MLEAC=4;MLEAF=0.667;MQ=60.00;MQRankSum=0.00;QD=24.94;ReadPosRankSum=2.39;SOR=0.692	GT:AD:DP:GQ:PL	0/0:1462,0:1462:99:0,120,1800	1/1:3,1325:1328:99:35955,3861,0	1/1:140,1697:1837:99:43002,1775,0
Fetal fraction is 0.152422 

chr18	42456653	.	G	A	104262.95	.	AC=3;AF=0.500;AN=6;BaseQRankSum=2.89;DP=4708;ExcessHet=0.0000;FS=1.285;MLEAC=3;MLEAF=0.500;MQ=59.98;MQRankSum=0.00;QD=32.70;ReadPosRankSum=1.70;SOR=0.673	GT:AD:DP:GQ:PL	0/0:1450,0:1450:99:0,120,1800	1/1:1,1301:1302:99:35196,3863,0	0/1:160,1726:1886:99:69083,0,1362
Fetal fraction is 0.169671 

chr19	1624007	.	A	G	12005.55	.	AC=2;AF=0.333;AN=6;BaseQRankSum=0.283;DP=3918;ExcessHet=0.0000;FS=0.000;MLEAC=2;MLEAF=0.333;MQ=60.00;MQRankSum=0.00;QD=27.73;ReadPosRankSum=0.680;SOR=0.979	GT:AD:DP:GQ:PL	1/1:1,432:433:99:12020,1274,0	0/0:1440,0:1440:99:0,120,1800	0/0:2014,0:2014:0:0,0,45237
Fetal fraction is 0 

chr19	4306311	.	T	C	54717.96	.	AC=4;AF=0.667;AN=6;BaseQRankSum=-9.960e-01;DP=3700;ExcessHet=0.0000;FS=3.401;MLEAC=4;MLEAF=0.667;MQ=60.00;MQRankSum=0.00;QD=24.68;ReadPosRankSum=3.36;SOR=0.316	GT:AD:DP:GQ:PL	0/0:1401,0:1401:99:0,120,1800	1/1:4,1062:1066:99:28167,3015,0	1/1:81,1070:1151:99:26570,1211,0
Fetal fraction is 0.140747 

chr19	6677989	.	G	A	37019.55	.	AC=2;AF=0.333;AN=6;DP=5229;ExcessHet=0.0000;FS=0.000;MLEAC=2;MLEAF=0.333;MQ=60.00;QD=27.28;SOR=0.706	GT:AD:DP:GQ:PL	1/1:0,1357:1357:99:37034,4062,0	0/0:1925,0:1925:99:0,120,1800	0/0:1909,0:1909:0:0,0,49458
Fetal fraction is 0 

chr19	6679511	.	C	T	12958.54	.	AC=2;AF=0.333;AN=6;DP=4271;ExcessHet=0.0000;FS=0.000;MLEAC=2;MLEAF=0.333;MQ=60.00;QD=27.11;SOR=0.735	GT:AD:DP:GQ:PL	1/1:0,478:482:99:12973,1439,0	0/0:1583,0:1583:99:0,120,1800	0/0:2171,0:2171:0:0,0,51319
Fetal fraction is 0 

chr19	6901891	.	G	A	70483.96	.	AC=4;AF=0.667;AN=6;BaseQRankSum=2.25;DP=4084;ExcessHet=0.0000;FS=0.000;MLEAC=4;MLEAF=0.667;MQ=60.00;MQRankSum=0.00;QD=24.91;ReadPosRankSum=-1.938e+00;SOR=0.687	GT:AD:DP:GQ:PL	0/0:1171,0:1171:99:0,120,1800	1/1:5,1062:1067:99:28696,3076,0	1/1:135,1628:1763:99:41807,1706,0
Fetal fraction is 0.153148 

chr19	6903920	.	A	G	76796.96	.	AC=4;AF=0.667;AN=6;BaseQRankSum=2.22;DP=4551;ExcessHet=0.0000;FS=0.000;MLEAC=4;MLEAF=0.667;MQ=60.00;MQRankSum=0.00;QD=25.33;ReadPosRankSum=-2.730e-01;SOR=0.649	GT:AD:DP:GQ:PL	0/0:1455,0:1455:99:0,120,1800	1/1:2,1253:1255:99:33560,3710,0	1/1:127,1650:1777:99:43256,1943,0
Fetal fraction is 0.142938 

chr19	7506668	.	T	G	24146.55	.	AC=2;AF=0.333;AN=6;DP=4293;ExcessHet=0.0000;FS=0.000;MLEAC=2;MLEAF=0.333;MQ=60.00;QD=26.89;SOR=0.725	GT:AD:DP:GQ:PL	1/1:0,898:898:99:24161,2687,0	0/0:1441,0:1441:99:0,120,1800	0/0:1898,0:1898:0:0,0,43553
Fetal fraction is 0 

chr19	8152725	.	A	G	69368.96	.	AC=4;AF=0.667;AN=6;BaseQRankSum=0.347;DP=4164;ExcessHet=0.0000;FS=0.000;MLEAC=4;MLEAF=0.667;MQ=60.00;MQRankSum=0.00;QD=24.95;ReadPosRankSum=1.51;SOR=0.537	GT:AD:DP:GQ:PL	0/0:1325,0:1325:99:0,120,1800	1/1:1,1075:1076:99:28764,3198,0	1/1:119,1585:1704:99:40624,1803,0
Fetal fraction is 0.139671 

chr19	8160334	.	G	A	30748.14	.	AC=2;AF=0.333;AN=6;BaseQRankSum=-3.513e+00;DP=4837;ExcessHet=0.0000;FS=0.000;MLEAC=2;MLEAF=0.333;MQ=60.00;MQRankSum=0.00;QD=27.07;ReadPosRankSum=2.45;SOR=0.148	GT:AD:DP:GQ:PL	1/1:4,1132:1136:99:30765,3248,0	0/0:1582,0:1582:99:0,120,1800	0/0:2096,0:2096:99:0,120,1800
Fetal fraction is 0 

chr19	11541685	.	G	A	77848.96	.	AC=4;AF=0.667;AN=6;BaseQRankSum=1.31;DP=4477;ExcessHet=0.0000;FS=0.000;MLEAC=4;MLEAF=0.667;MQ=60.00;MQRankSum=0.00;QD=24.64;ReadPosRankSum=1.70;SOR=0.656	GT:AD:DP:GQ:PL	0/0:1253,0:1253:99:0,120,1800	1/1:1,1115:1116:99:30258,3297,0	1/1:146,1898:2044:99:47610,2212,0
Fetal fraction is 0.142857 

chr19	13414594	.	C	T	52043.96	.	AC=4;AF=0.667;AN=6;BaseQRankSum=-4.900e-02;DP=3421;ExcessHet=0.0000;FS=0.000;MLEAC=4;MLEAF=0.667;MQ=60.00;MQRankSum=0.00;QD=25.15;ReadPosRankSum=2.36;SOR=0.566	GT:AD:DP:GQ:PL	0/0:1296,0:1296:99:0,120,1800	1/1:2,481:485:99:12995,1359,0	1/1:98,1488:1587:99:39068,1968,0
Fetal fraction is 0.123581 

chr19	13885309	.	C	T	33000.55	.	AC=2;AF=0.333;AN=6;BaseQRankSum=0.364;DP=3702;ExcessHet=0.0000;FS=0.000;MLEAC=2;MLEAF=0.333;MQ=60.00;MQRankSum=0.00;QD=27.01;ReadPosRankSum=1.01;SOR=0.235	GT:AD:DP:GQ:PL	1/1:1,1221:1222:99:33015,3632,0	0/0:1697,0:1697:99:0,120,1800	0/0:759,0:759:0:0,0,18021
Fetal fraction is 0 

chr19	17170885	.	C	T	25957.55	.	AC=2;AF=0.333;AN=6;BaseQRankSum=0.349;DP=4307;ExcessHet=0.0000;FS=0.000;MLEAC=2;MLEAF=0.333;MQ=60.00;MQRankSum=0.00;QD=26.71;ReadPosRankSum=1.10;SOR=0.248	GT:AD:DP:GQ:PL	1/1:1,971:972:99:25972,2887,0	0/0:1430,0:1430:99:0,120,1800	0/0:1877,0:1877:0:0,0,41545
Fetal fraction is 0 

chr19	17173487	.	A	G	21508.55	.	AC=2;AF=0.333;AN=6;BaseQRankSum=0.465;DP=3778;ExcessHet=0.0000;FS=0.000;MLEAC=2;MLEAF=0.333;MQ=60.00;MQRankSum=0.00;QD=26.75;ReadPosRankSum=0.918;SOR=0.168	GT:AD:DP:GQ:PL	1/1:2,802:804:99:21523,2359,0	0/0:1231,0:1231:99:0,120,1800	0/0:1714,0:1714:0:0,0,40715
Fetal fraction is 0 

chr19	38847431	.	T	C	28866.55	.	AC=2;AF=0.333;AN=6;DP=4685;ExcessHet=0.0000;FS=0.000;MLEAC=2;MLEAF=0.333;MQ=60.00;QD=27.18;SOR=0.743	GT:AD:DP:GQ:PL	1/1:0,1062:1062:99:28881,3181,0	0/0:1482,0:1482:99:0,120,1800	0/0:2103,0:2103:0:0,0,49659
Fetal fraction is 0 

chr19	38882781	.	T	G	28951.55	.	AC=2;AF=0.333;AN=6;DP=4827;ExcessHet=0.0000;FS=0.000;MLEAC=2;MLEAF=0.333;MQ=60.00;QD=26.54;SOR=0.767	GT:AD:DP:GQ:PL	1/1:0,1091:1091:99:28966,3268,0	0/0:1572,0:1572:99:0,120,1800	0/0:2115,0:2115:0:0,0,48120
Fetal fraction is 0 

chr19	40875800	.	C	G	114288.95	.	AC=3;AF=0.500;AN=6;BaseQRankSum=0.349;DP=4123;ExcessHet=0.0000;FS=0.000;MLEAC=3;MLEAF=0.500;MQ=60.00;MQRankSum=0.00;QD=27.51;ReadPosRankSum=1.62;SOR=0.669	GT:AD:DP:GQ:PL	0/0:1226,0:1226:99:0,120,1800	1/1:1,1154:1155:99:50138,3451,0	0/1:131,1584:1715:99:64167,0,545
Fetal fraction is 0.15277 

chr19	44501627	.	T	C	13276.55	.	AC=2;AF=0.333;AN=6;BaseQRankSum=-2.826e+00;DP=2443;ExcessHet=0.0000;FS=0.000;MLEAC=2;MLEAF=0.333;MQ=60.00;MQRankSum=0.00;QD=27.10;ReadPosRankSum=2.33;SOR=0.129	GT:AD:DP:GQ:PL	1/1:2,488:490:99:13291,1374,0	0/0:653,0:653:99:0,120,1800	0/0:1288,0:1288:0:0,0,29508
Fetal fraction is 0 

chr19	49421966	.	T	C	13135.14	.	AC=2;AF=0.333;AN=6;BaseQRankSum=0.318;DP=4170;ExcessHet=0.0000;FS=0.000;MLEAC=2;MLEAF=0.333;MQ=60.00;MQRankSum=0.00;QD=28.07;ReadPosRankSum=1.54;SOR=0.397	GT:AD:DP:GQ:PL	1/1:1,467:476:99:13152,1387,0	0/0:1448,0:1448:99:0,120,1800	0/0:2218,0:2218:99:0,120,1800
Fetal fraction is 0 

chr19	49794028	.	G	T	14535.14	.	AC=2;AF=0.333;AN=6;BaseQRankSum=2.16;DP=4935;ExcessHet=0.0000;FS=0.000;MLEAC=2;MLEAF=0.333;MQ=60.00;MQRankSum=0.00;QD=27.58;ReadPosRankSum=-5.900e-01;SOR=0.565	GT:AD:DP:GQ:PL	1/1:3,524:527:99:14552,1519,0	0/0:1643,0:1643:99:0,120,1800	0/0:2731,0:2731:99:0,120,1800
Fetal fraction is 0 

chr19	49812403	.	G	T	14671.55	.	AC=2;AF=0.333;AN=6;DP=3001;ExcessHet=0.0000;FS=0.000;MLEAC=2;MLEAF=0.333;MQ=60.00;QD=27.17;SOR=0.770	GT:AD:DP:GQ:PL	1/1:0,540:540:99:14686,1616,0	0/0:994,0:994:99:0,120,1800	0/0:1455,0:1455:0:0,0,33064
Fetal fraction is 0 

chr19	49845895	.	C	T	30621.55	.	AC=2;AF=0.333;AN=6;DP=4801;ExcessHet=0.0000;FS=0.000;MLEAC=2;MLEAF=0.333;MQ=60.00;QD=27.37;SOR=0.709	GT:AD:DP:GQ:PL	1/1:0,1119:1119:99:30636,3353,0	0/0:1588,0:1588:99:0,120,1800	0/0:2074,0:2074:0:0,0,45489
Fetal fraction is 0 

chr19	51955626	.	A	G	26816.55	.	AC=2;AF=0.333;AN=6;BaseQRankSum=0.383;DP=4699;ExcessHet=0.0000;FS=0.000;MLEAC=2;MLEAF=0.333;MQ=60.00;MQRankSum=0.00;QD=26.98;ReadPosRankSum=-1.184e+00;SOR=0.259	GT:AD:DP:GQ:PL	1/1:1,993:994:99:26831,2954,0	0/0:1428,0:1428:99:0,120,1800	0/0:2259,0:2259:0:0,0,49035
Fetal fraction is 0 

chr19	52004551	.	C	T	57407.96	.	AC=4;AF=0.667;AN=6;BaseQRankSum=0.067;DP=3268;ExcessHet=0.0000;FS=0.000;MLEAC=4;MLEAF=0.667;MQ=56.96;MQRankSum=1.41;QD=26.18;ReadPosRankSum=-3.310e-01;SOR=0.634	GT:AD:DP:GQ:PL	0/0:985,0:985:99:0,120,1800	1/1:0,935:935:99:26009,2802,0	1/1:81,1177:1258:99:31418,1443,0
Fetal fraction is 0.128776 

chr19	55559715	.	G	A	64238.96	.	AC=4;AF=0.667;AN=6;BaseQRankSum=0.533;DP=4027;ExcessHet=0.0000;FS=1.772;MLEAC=4;MLEAF=0.667;MQ=60.00;MQRankSum=0.00;QD=25.78;ReadPosRankSum=0.726;SOR=0.699	GT:AD:DP:GQ:PL	0/0:1438,0:1438:99:0,120,1800	1/1:1,1344:1345:99:36715,4001,0	1/1:80,1067:1149:99:27543,1176,0
Fetal fraction is 0.139494 

chr20	2559778	.	G	C	57637.96	.	AC=4;AF=0.667;AN=6;BaseQRankSum=-1.188e+00;DP=3327;ExcessHet=0.0000;FS=0.000;MLEAC=4;MLEAF=0.667;MQ=60.00;MQRankSum=0.00;QD=24.90;ReadPosRankSum=1.79;SOR=0.685	GT:AD:DP:GQ:PL	0/0:977,0:977:99:0,120,1800	1/1:0,844:846:99:23068,2525,0	1/1:117,1354:1471:99:34589,1048,0
Fetal fraction is 0.159075 

chr20	2816821	.	C	T	11958.43	.	AC=2;AF=0.333;AN=6;DP=2474;ExcessHet=0.0000;FS=5.665;MLEAC=3;MLEAF=0.500;MQ=59.96;MQRankSum=0.00;QD=27.06;SOR=1.999	GT:AD:DP:GQ:PL	1/1:3,439:442:99:11970,1280,0	0/0:678,0:678:0:0,0,15096	0/0:1345,0:1345:0:0,0,28274
Fetal fraction is 0 

chr20	18810705	.	C	T	26857.55	.	AC=2;AF=0.333;AN=6;BaseQRankSum=0.394;DP=4286;ExcessHet=0.0000;FS=0.000;MLEAC=2;MLEAF=0.333;MQ=60.00;MQRankSum=0.00;QD=27.21;ReadPosRankSum=-1.023e+00;SOR=0.409	GT:AD:DP:GQ:PL	1/1:1,986:987:99:26872,2932,0	0/0:1348,0:1348:99:0,120,1800	0/0:1919,0:1919:0:0,0,43345
Fetal fraction is 0 

chr20	23860178	.	A	G	55178.96	.	AC=4;AF=0.667;AN=6;BaseQRankSum=4.02;DP=3899;ExcessHet=0.0000;FS=0.000;MLEAC=4;MLEAF=0.667;MQ=60.00;MQRankSum=0.00;QD=25.00;ReadPosRankSum=0.737;SOR=0.694	GT:AD:DP:GQ:PL	0/0:1616,0:1616:99:0,120,1800	1/1:2,566:571:99:15985,1652,0	1/1:149,1490:1641:99:39213,1010,0
Fetal fraction is 0.181818 

chr20	35740794	.	T	C	13753.55	.	AC=2;AF=0.333;AN=6;BaseQRankSum=0.310;DP=4099;ExcessHet=0.0000;FS=0.000;MLEAC=2;MLEAF=0.333;MQ=60.00;MQRankSum=0.00;QD=27.18;ReadPosRankSum=1.39;SOR=0.329	GT:AD:DP:GQ:PL	1/1:1,505:506:99:13768,1496,0	0/0:1587,0:1587:99:0,120,1800	0/0:1965,0:1965:0:0,0,44146
Fetal fraction is 0 

chr20	35748894	.	C	G	27770.55	.	AC=2;AF=0.333;AN=6;DP=4771;ExcessHet=0.0000;FS=0.000;MLEAC=2;MLEAF=0.333;MQ=60.00;QD=26.65;SOR=0.736	GT:AD:DP:GQ:PL	1/1:0,1042:1042:99:27785,3118,0	0/0:1501,0:1501:99:0,120,1800	0/0:2206,0:2206:0:0,0,50950
Fetal fraction is 0 

chr20	35783494	.	T	C	20247.55	.	AC=2;AF=0.333;AN=6;DP=3188;ExcessHet=0.0000;FS=0.000;MLEAC=2;MLEAF=0.333;MQ=60.00;QD=27.11;SOR=0.768	GT:AD:DP:GQ:PL	1/1:0,747:747:99:20262,2240,0	0/0:1024,0:1024:99:0,120,1800	0/0:1407,0:1407:0:0,0,32102
Fetal fraction is 0 

chr20	35787473	.	A	G	23222.55	.	AC=2;AF=0.333;AN=6;DP=4167;ExcessHet=0.0000;FS=0.000;MLEAC=2;MLEAF=0.333;MQ=60.00;QD=26.94;SOR=0.712	GT:AD:DP:GQ:PL	1/1:0,862:862:99:23237,2581,0	0/0:1240,0:1240:99:0,120,1800	0/0:2045,0:2045:0:0,0,47446
Fetal fraction is 0 

chr20	35835657	.	C	T	29343.55	.	AC=2;AF=0.333;AN=6;BaseQRankSum=-3.397e+00;DP=4827;ExcessHet=0.0000;FS=0.000;MLEAC=2;MLEAF=0.333;MQ=60.00;MQRankSum=0.00;QD=26.77;ReadPosRankSum=2.35;SOR=0.218	GT:AD:DP:GQ:PL	1/1:2,1094:1096:99:29358,3188,0	0/0:1584,0:1584:99:0,120,1800	0/0:2115,0:2115:0:0,0,48759
Fetal fraction is 0 

chr20	35852395	.	A	C	31801.55	.	AC=2;AF=0.333;AN=6;BaseQRankSum=0.755;DP=4847;ExcessHet=0.0000;FS=0.000;MLEAC=2;MLEAF=0.333;MQ=60.00;MQRankSum=0.00;QD=27.07;ReadPosRankSum=0.043;SOR=0.717	GT:AD:DP:GQ:PL	1/1:4,1171:1176:99:31816,3420,0	0/0:1624,0:1624:99:0,120,1800	0/0:2009,0:2009:0:0,0,46062
Fetal fraction is 0 

chr20	35865054	.	C	T	10205.54	.	AC=2;AF=0.333;AN=6;BaseQRankSum=-4.023e+00;DP=3870;ExcessHet=0.0000;FS=0.000;MLEAC=2;MLEAF=0.333;MQ=60.00;MQRankSum=0.00;QD=25.32;ReadPosRankSum=2.27;SOR=0.115	GT:AD:DP:GQ:PL	1/1:2,401:403:99:10220,953,0	0/0:1241,0:1241:99:0,120,1800	0/0:2199,0:2199:0:0,0,49915
Fetal fraction is 0 

chr20	36965617	.	A	G	7995.14	.	AC=2;AF=0.333;AN=6;DP=3129;ExcessHet=0.0000;FS=0.000;MLEAC=2;MLEAF=0.333;MQ=60.00;QD=28.35;SOR=0.838	GT:AD:DP:GQ:PL	1/1:0,282:282:99:8012,847,0	0/0:833,0:833:99:0,120,1800	0/0:1986,0:1986:99:0,120,1800
Fetal fraction is 0 

chr20	52786219	.	G	A	8732.14	.	AC=2;AF=0.333;AN=6;BaseQRankSum=0.298;DP=3424;ExcessHet=0.0000;FS=3.644;MLEAC=2;MLEAF=0.333;MQ=60.00;MQRankSum=0.00;QD=26.95;ReadPosRankSum=0.930;SOR=0.691	GT:AD:DP:GQ:PL	1/1:1,323:324:99:8749,946,0	0/0:1066,0:1066:99:0,120,1800	0/0:2010,0:2010:99:0,120,1800
Fetal fraction is 0 

chr20	55025762	.	G	A	31156.96	.	AC=4;AF=0.667;AN=6;BaseQRankSum=0.305;DP=2677;ExcessHet=0.0000;FS=1.511;MLEAC=4;MLEAF=0.667;MQ=59.96;MQRankSum=-3.500e-02;QD=24.99;ReadPosRankSum=2.41;SOR=0.430	GT:AD:DP:GQ:PL	0/0:1366,0:1366:99:0,120,1800	1/1:2,436:438:99:12001,1221,0	1/1:51,758:811:99:19175,1062,0
Fetal fraction is 0.126082 

chr22	29912993	.	C	T	67695.96	.	AC=4;AF=0.667;AN=6;BaseQRankSum=1.04;DP=3770;ExcessHet=0.0000;FS=0.000;MLEAC=4;MLEAF=0.667;MQ=59.99;MQRankSum=-2.470e-01;QD=25.79;ReadPosRankSum=-5.300e-01;SOR=0.584	GT:AD:DP:GQ:PL	0/0:1079,0:1079:99:0,120,1800	1/1:0,1009:1009:99:27302,3021,0	1/1:95,1521:1616:99:40413,2241,0
Fetal fraction is 0.117574 

chr22	29916963	.	G	A	53962.96	.	AC=4;AF=0.667;AN=6;BaseQRankSum=0.724;DP=3335;ExcessHet=0.0000;FS=0.000;MLEAC=4;MLEAF=0.667;MQ=60.00;MQRankSum=0.00;QD=25.84;ReadPosRankSum=2.34;SOR=0.702	GT:AD:DP:GQ:PL	0/0:1177,0:1177:99:0,120,1800	1/1:3,1020:1023:99:27545,2990,0	1/1:58,1007:1067:99:26437,1581,0
Fetal fraction is 0.10892 

chr22	29925221	.	C	T	79387.96	.	AC=4;AF=0.667;AN=6;BaseQRankSum=-1.135e+00;DP=4812;ExcessHet=0.0000;FS=0.000;MLEAC=4;MLEAF=0.667;MQ=60.00;MQRankSum=0.00;QD=24.63;ReadPosRankSum=3.28;SOR=0.653	GT:AD:DP:GQ:PL	0/0:1531,0:1531:99:0,120,1800	1/1:4,1258:1262:99:33708,3604,0	1/1:137,1824:1961:99:45699,1994,0
Fetal fraction is 0.139725 

chr22	41569609	.	C	T	23224.55	.	AC=2;AF=0.333;AN=6;BaseQRankSum=-2.413e+00;DP=3870;ExcessHet=0.0000;FS=0.000;MLEAC=2;MLEAF=0.333;MQ=60.00;MQRankSum=0.00;QD=27.01;ReadPosRankSum=1.11;SOR=0.317	GT:AD:DP:GQ:PL	1/1:1,859:862:99:23239,2535,0	0/0:1141,0:1141:99:0,120,1800	0/0:1842,0:1842:0:0,0,42877
Fetal fraction is 0 

chr22	44283440	.	G	A	36283.55	.	AC=2;AF=0.333;AN=6;BaseQRankSum=0.736;DP=5749;ExcessHet=0.0000;FS=0.000;MLEAC=2;MLEAF=0.333;MQ=60.00;MQRankSum=0.00;QD=27.47;ReadPosRankSum=0.361;SOR=0.221	GT:AD:DP:GQ:PL	1/1:3,1318:1321:99:36298,3882,0	0/0:1812,0:1812:99:0,120,1800	0/0:2566,0:2566:0:0,0,57607
Fetal fraction is 0 

Summary:
Total rows: 235
Fetal fraction: 0.0704553
